{"contracts/library/RevertMessage.sol":{"l":{"8":2,"10":0,"14":0},"path":"/Users/jaeminkim/Projects/Omnuum/omnuum-contracts/contracts/library/RevertMessage.sol","s":{"1":2,"2":2,"3":0},"b":{"1":[2,0]},"f":{"1":2},"fnMap":{"1":{"name":"parse","line":6,"loc":{"start":{"line":6,"column":4},"end":{"line":15,"column":4}}}},"statementMap":{"1":{"start":{"line":8,"column":8},"end":{"line":8,"column":75}},"2":{"start":{"line":8,"column":37},"end":{"line":8,"column":75}},"3":{"start":{"line":14,"column":8},"end":{"line":14,"column":48}}},"branchMap":{"1":{"line":8,"type":"if","locations":[{"start":{"line":8,"column":8},"end":{"line":8,"column":8}},{"start":{"line":8,"column":8},"end":{"line":8,"column":8}}]}}},"contracts/mock/MockLink.sol":{"l":{"8":2,"12":8,"16":3,"24":3},"path":"/Users/jaeminkim/Projects/Omnuum/omnuum-contracts/contracts/mock/MockLink.sol","s":{"1":2,"2":8,"3":3,"4":3},"b":{},"f":{"1":2,"2":8,"3":3,"4":3},"fnMap":{"1":{"name":"changeBalance","line":7,"loc":{"start":{"line":7,"column":4},"end":{"line":9,"column":4}}},"2":{"name":"balanceOf","line":11,"loc":{"start":{"line":11,"column":4},"end":{"line":13,"column":4}}},"3":{"name":"transfer","line":15,"loc":{"start":{"line":15,"column":4},"end":{"line":17,"column":4}}},"4":{"name":"transferAndCall","line":19,"loc":{"start":{"line":19,"column":4},"end":{"line":25,"column":4}}}},"statementMap":{"1":{"start":{"line":8,"column":8},"end":{"line":8,"column":17}},"2":{"start":{"line":12,"column":8},"end":{"line":12,"column":18}},"3":{"start":{"line":16,"column":8},"end":{"line":16,"column":19}},"4":{"start":{"line":24,"column":8},"end":{"line":24,"column":19}}},"branchMap":{}},"contracts/mock/MockNFT.sol":{"l":{"15":360,"16":360,"25":0,"35":8,"44":1,"53":1},"path":"/Users/jaeminkim/Projects/Omnuum/omnuum-contracts/contracts/mock/MockNFT.sol","s":{"1":360,"2":360,"3":0,"4":8,"5":1,"6":1},"b":{},"f":{"1":360,"2":0,"3":8,"4":1,"5":1},"fnMap":{"1":{"name":"constructor","line":14,"loc":{"start":{"line":14,"column":4},"end":{"line":17,"column":4}}},"2":{"name":"useTicket","line":19,"loc":{"start":{"line":19,"column":4},"end":{"line":26,"column":4}}},"3":{"name":"publicMint","line":28,"loc":{"start":{"line":28,"column":4},"end":{"line":36,"column":4}}},"4":{"name":"publicContractMint","line":38,"loc":{"start":{"line":38,"column":4},"end":{"line":45,"column":4}}},"5":{"name":"ticketContractMint","line":47,"loc":{"start":{"line":47,"column":4},"end":{"line":54,"column":4}}}},"statementMap":{"1":{"start":{"line":15,"column":8},"end":{"line":15,"column":46}},"2":{"start":{"line":16,"column":8},"end":{"line":16,"column":44}},"3":{"start":{"line":25,"column":8},"end":{"line":25,"column":83}},"4":{"start":{"line":35,"column":8},"end":{"line":35,"column":81}},"5":{"start":{"line":44,"column":8},"end":{"line":44,"column":71}},"6":{"start":{"line":53,"column":8},"end":{"line":53,"column":70}}},"branchMap":{}},"contracts/mock/MockVrfCoords.sol":{"l":{"14":3},"path":"/Users/jaeminkim/Projects/Omnuum/omnuum-contracts/contracts/mock/MockVrfCoords.sol","s":{"1":3},"b":{},"f":{"1":345,"2":3},"fnMap":{"1":{"name":"constructor","line":7,"loc":{"start":{"line":7,"column":4},"end":{"line":7,"column":19}}},"2":{"name":"sendRandom","line":9,"loc":{"start":{"line":9,"column":4},"end":{"line":15,"column":4}}}},"statementMap":{"1":{"start":{"line":14,"column":8},"end":{"line":14,"column":79}}},"branchMap":{}},"contracts/OmnuumCAManager.sol":{"l":{"19":345,"23":115,"24":115,"25":920,"30":926,"31":926,"32":926,"36":2,"38":2,"39":2,"41":2,"42":1,"47":20,"51":444},"path":"/Users/jaeminkim/Projects/Omnuum/omnuum-contracts/contracts/OmnuumCAManager.sol","s":{"1":345,"2":115,"3":115,"4":920,"5":926,"6":926,"7":926,"8":2,"9":2,"10":2,"11":20,"12":444},"b":{"1":[115,0],"2":[1,1]},"f":{"1":345,"2":115,"3":926,"4":2,"5":20,"6":444},"fnMap":{"1":{"name":"initialize","line":18,"loc":{"start":{"line":18,"column":4},"end":{"line":20,"column":4}}},"2":{"name":"registerContractMultiple","line":22,"loc":{"start":{"line":22,"column":4},"end":{"line":27,"column":4}}},"3":{"name":"registerContract","line":29,"loc":{"start":{"line":29,"column":4},"end":{"line":33,"column":4}}},"4":{"name":"removeContract","line":35,"loc":{"start":{"line":35,"column":4},"end":{"line":44,"column":4}}},"5":{"name":"isRegistered","line":46,"loc":{"start":{"line":46,"column":4},"end":{"line":48,"column":4}}},"6":{"name":"getContract","line":50,"loc":{"start":{"line":50,"column":4},"end":{"line":52,"column":4}}}},"statementMap":{"1":{"start":{"line":19,"column":8},"end":{"line":19,"column":23}},"2":{"start":{"line":23,"column":8},"end":{"line":23,"column":63}},"3":{"start":{"line":24,"column":8},"end":{"line":24,"column":725}},"4":{"start":{"line":25,"column":12},"end":{"line":25,"column":46}},"5":{"start":{"line":30,"column":8},"end":{"line":30,"column":44}},"6":{"start":{"line":31,"column":8},"end":{"line":31,"column":35}},"7":{"start":{"line":32,"column":8},"end":{"line":32,"column":51}},"8":{"start":{"line":36,"column":8},"end":{"line":36,"column":49}},"9":{"start":{"line":38,"column":8},"end":{"line":38,"column":49}},"10":{"start":{"line":41,"column":8},"end":{"line":41,"column":1260}},"11":{"start":{"line":47,"column":8},"end":{"line":47,"column":35}},"12":{"start":{"line":51,"column":8},"end":{"line":51,"column":38}}},"branchMap":{"1":{"line":23,"type":"if","locations":[{"start":{"line":23,"column":8},"end":{"line":23,"column":8}},{"start":{"line":23,"column":8},"end":{"line":23,"column":8}}]},"2":{"line":41,"type":"if","locations":[{"start":{"line":41,"column":8},"end":{"line":41,"column":8}},{"start":{"line":41,"column":8},"end":{"line":41,"column":8}}]}}},"contracts/OmnuumExchange.sol":{"l":{"17":345,"19":345,"21":345,"30":10,"34":2,"35":1,"44":4,"46":3,"48":3,"52":2,"53":1},"path":"/Users/jaeminkim/Projects/Omnuum/omnuum-contracts/contracts/OmnuumExchange.sol","s":{"1":345,"2":345,"3":345,"4":10,"5":2,"6":1,"7":4,"8":3,"9":3,"10":2,"11":1},"b":{"1":[1,1],"2":[3,1],"3":[1,1]},"f":{"1":345,"2":10,"3":2,"4":4,"5":2},"fnMap":{"1":{"name":"initialize","line":16,"loc":{"start":{"line":16,"column":4},"end":{"line":22,"column":4}}},"2":{"name":"getExchangeAmount","line":25,"loc":{"start":{"line":25,"column":4},"end":{"line":31,"column":4}}},"3":{"name":"updateTmpExchangeRate","line":33,"loc":{"start":{"line":33,"column":4},"end":{"line":36,"column":4}}},"4":{"name":"exchangeToken","line":39,"loc":{"start":{"line":39,"column":4},"end":{"line":49,"column":4}}},"5":{"name":"withdraw","line":51,"loc":{"start":{"line":51,"column":4},"end":{"line":54,"column":4}}}},"statementMap":{"1":{"start":{"line":17,"column":8},"end":{"line":17,"column":23}},"2":{"start":{"line":19,"column":8},"end":{"line":19,"column":47}},"3":{"start":{"line":21,"column":8},"end":{"line":21,"column":35}},"4":{"start":{"line":30,"column":8},"end":{"line":30,"column":50}},"5":{"start":{"line":34,"column":8},"end":{"line":34,"column":57}},"6":{"start":{"line":35,"column":8},"end":{"line":35,"column":31}},"7":{"start":{"line":44,"column":8},"end":{"line":44,"column":57}},"8":{"start":{"line":46,"column":8},"end":{"line":46,"column":51}},"9":{"start":{"line":48,"column":8},"end":{"line":48,"column":67}},"10":{"start":{"line":52,"column":8},"end":{"line":52,"column":57}},"11":{"start":{"line":53,"column":8},"end":{"line":53,"column":58}}},"branchMap":{"1":{"line":34,"type":"if","locations":[{"start":{"line":34,"column":8},"end":{"line":34,"column":8}},{"start":{"line":34,"column":8},"end":{"line":34,"column":8}}]},"2":{"line":44,"type":"if","locations":[{"start":{"line":44,"column":8},"end":{"line":44,"column":8}},{"start":{"line":44,"column":8},"end":{"line":44,"column":8}}]},"3":{"line":52,"type":"if","locations":[{"start":{"line":52,"column":8},"end":{"line":52,"column":8}},{"start":{"line":52,"column":8},"end":{"line":52,"column":8}}]}}},"contracts/OmnuumMintManager.sol":{"l":{"32":345,"33":345,"37":2,"38":1,"39":1,"43":3,"44":2,"45":2,"56":16,"58":15,"60":15,"61":15,"62":15,"63":15,"65":15,"74":15,"76":15,"77":13,"78":11,"79":9,"81":6,"82":6,"84":6,"93":4,"95":4,"97":4,"98":3,"100":2,"101":6,"103":1},"path":"/Users/jaeminkim/Projects/Omnuum/omnuum-contracts/contracts/OmnuumMintManager.sol","s":{"1":345,"2":345,"3":2,"4":1,"5":1,"6":3,"7":2,"8":2,"9":16,"10":15,"11":15,"12":15,"13":15,"14":15,"15":15,"16":15,"17":15,"18":13,"19":11,"20":9,"21":6,"22":6,"23":6,"24":4,"25":4,"26":4,"27":3,"28":2,"29":6,"30":1},"b":{"1":[1,1],"2":[2,1],"3":[15,1],"4":[13,2],"5":[11,2],"6":[9,2],"7":[6,3],"8":[3,1],"9":[2,1]},"f":{"1":345,"2":2,"3":3,"4":16,"5":15,"6":4},"fnMap":{"1":{"name":"initialize","line":31,"loc":{"start":{"line":31,"column":4},"end":{"line":34,"column":4}}},"2":{"name":"changeBaseFeeRate","line":36,"loc":{"start":{"line":36,"column":4},"end":{"line":40,"column":4}}},"3":{"name":"setDiscountRate","line":42,"loc":{"start":{"line":42,"column":4},"end":{"line":46,"column":4}}},"4":{"name":"setPublicMintSchedule","line":48,"loc":{"start":{"line":48,"column":4},"end":{"line":66,"column":4}}},"5":{"name":"publicMint","line":68,"loc":{"start":{"line":68,"column":4},"end":{"line":85,"column":4}}},"6":{"name":"mintMultiple","line":88,"loc":{"start":{"line":88,"column":4},"end":{"line":104,"column":4}}}},"statementMap":{"1":{"start":{"line":32,"column":8},"end":{"line":32,"column":23}},"2":{"start":{"line":33,"column":8},"end":{"line":33,"column":33}},"3":{"start":{"line":37,"column":8},"end":{"line":37,"column":48}},"4":{"start":{"line":38,"column":8},"end":{"line":38,"column":36}},"5":{"start":{"line":39,"column":8},"end":{"line":39,"column":47}},"6":{"start":{"line":43,"column":8},"end":{"line":43,"column":46}},"7":{"start":{"line":44,"column":8},"end":{"line":44,"column":49}},"8":{"start":{"line":45,"column":8},"end":{"line":45,"column":57}},"9":{"start":{"line":56,"column":8},"end":{"line":56,"column":58}},"10":{"start":{"line":58,"column":8},"end":{"line":58,"column":81}},"11":{"start":{"line":60,"column":8},"end":{"line":60,"column":32}},"12":{"start":{"line":61,"column":8},"end":{"line":61,"column":34}},"13":{"start":{"line":62,"column":8},"end":{"line":62,"column":38}},"14":{"start":{"line":63,"column":8},"end":{"line":63,"column":52}},"15":{"start":{"line":65,"column":8},"end":{"line":65,"column":40}},"16":{"start":{"line":74,"column":8},"end":{"line":74,"column":87}},"17":{"start":{"line":76,"column":8},"end":{"line":76,"column":58}},"18":{"start":{"line":77,"column":8},"end":{"line":77,"column":62}},"19":{"start":{"line":78,"column":8},"end":{"line":78,"column":88}},"20":{"start":{"line":79,"column":8},"end":{"line":79,"column":74}},"21":{"start":{"line":81,"column":8},"end":{"line":81,"column":44}},"22":{"start":{"line":82,"column":8},"end":{"line":82,"column":40}},"23":{"start":{"line":84,"column":8},"end":{"line":84,"column":65}},"24":{"start":{"line":93,"column":8},"end":{"line":93,"column":65}},"25":{"start":{"line":95,"column":8},"end":{"line":95,"column":33}},"26":{"start":{"line":97,"column":8},"end":{"line":97,"column":59}},"27":{"start":{"line":98,"column":8},"end":{"line":98,"column":48}},"28":{"start":{"line":100,"column":8},"end":{"line":100,"column":3430}},"29":{"start":{"line":101,"column":12},"end":{"line":101,"column":60}},"30":{"start":{"line":103,"column":8},"end":{"line":103,"column":46}}},"branchMap":{"1":{"line":37,"type":"if","locations":[{"start":{"line":37,"column":8},"end":{"line":37,"column":8}},{"start":{"line":37,"column":8},"end":{"line":37,"column":8}}]},"2":{"line":43,"type":"if","locations":[{"start":{"line":43,"column":8},"end":{"line":43,"column":8}},{"start":{"line":43,"column":8},"end":{"line":43,"column":8}}]},"3":{"line":56,"type":"if","locations":[{"start":{"line":56,"column":8},"end":{"line":56,"column":8}},{"start":{"line":56,"column":8},"end":{"line":56,"column":8}}]},"4":{"line":76,"type":"if","locations":[{"start":{"line":76,"column":8},"end":{"line":76,"column":8}},{"start":{"line":76,"column":8},"end":{"line":76,"column":8}}]},"5":{"line":77,"type":"if","locations":[{"start":{"line":77,"column":8},"end":{"line":77,"column":8}},{"start":{"line":77,"column":8},"end":{"line":77,"column":8}}]},"6":{"line":78,"type":"if","locations":[{"start":{"line":78,"column":8},"end":{"line":78,"column":8}},{"start":{"line":78,"column":8},"end":{"line":78,"column":8}}]},"7":{"line":79,"type":"if","locations":[{"start":{"line":79,"column":8},"end":{"line":79,"column":8}},{"start":{"line":79,"column":8},"end":{"line":79,"column":8}}]},"8":{"line":97,"type":"if","locations":[{"start":{"line":97,"column":8},"end":{"line":97,"column":8}},{"start":{"line":97,"column":8},"end":{"line":97,"column":8}}]},"9":{"line":98,"type":"if","locations":[{"start":{"line":98,"column":8},"end":{"line":98,"column":8}},{"start":{"line":98,"column":8},"end":{"line":98,"column":8}}]}}},"contracts/OmnuumNFT1155.sol":{"l":{"39":357,"40":357,"41":357,"43":357,"45":357,"46":357,"47":357,"48":357,"50":357,"54":12,"55":12,"56":12,"57":12,"58":12,"59":12,"60":12,"62":12,"70":10,"71":9,"73":7,"75":3,"76":3,"84":23,"85":22,"87":21,"88":19,"90":11,"91":9,"95":11,"96":10,"100":24,"101":19,"102":19,"103":79,"104":79,"106":79,"111":3,"112":3,"113":3,"114":3,"118":2,"122":1},"path":"/Users/jaeminkim/Projects/Omnuum/omnuum-contracts/contracts/OmnuumNFT1155.sol","s":{"1":357,"2":357,"3":357,"4":357,"5":357,"6":357,"7":357,"8":357,"9":357,"10":12,"11":12,"12":12,"13":12,"14":12,"15":12,"16":12,"17":12,"18":10,"19":9,"20":7,"21":3,"22":3,"23":23,"24":22,"25":21,"26":19,"27":11,"28":9,"29":11,"30":10,"31":24,"32":19,"33":19,"34":79,"35":79,"36":79,"37":3,"38":3,"39":3,"40":3,"41":2,"42":1},"b":{"1":[12,0],"2":[9,1],"3":[22,1],"4":[21,1],"5":[10,1],"6":[19,5],"7":[3,0]},"f":{"1":357,"2":12,"3":10,"4":23,"5":11,"6":24,"7":3,"8":2,"9":1},"fnMap":{"1":{"name":"initialize","line":38,"loc":{"start":{"line":32,"column":4},"end":{"line":51,"column":4}}},"2":{"name":"sendFee","line":53,"loc":{"start":{"line":53,"column":4},"end":{"line":63,"column":4}}},"3":{"name":"publicMint","line":69,"loc":{"start":{"line":65,"column":4},"end":{"line":77,"column":4}}},"4":{"name":"ticketMint","line":83,"loc":{"start":{"line":79,"column":4},"end":{"line":92,"column":4}}},"5":{"name":"mintDirect","line":94,"loc":{"start":{"line":94,"column":4},"end":{"line":97,"column":4}}},"6":{"name":"mintLoop","line":99,"loc":{"start":{"line":99,"column":4},"end":{"line":108,"column":4}}},"7":{"name":"setUri","line":110,"loc":{"start":{"line":110,"column":4},"end":{"line":115,"column":4}}},"8":{"name":"uri","line":117,"loc":{"start":{"line":117,"column":4},"end":{"line":119,"column":4}}},"9":{"name":"withdraw","line":121,"loc":{"start":{"line":121,"column":4},"end":{"line":123,"column":4}}}},"statementMap":{"1":{"start":{"line":39,"column":8},"end":{"line":39,"column":25}},"2":{"start":{"line":40,"column":8},"end":{"line":40,"column":31}},"3":{"start":{"line":41,"column":8},"end":{"line":41,"column":23}},"4":{"start":{"line":43,"column":8},"end":{"line":43,"column":29}},"5":{"start":{"line":45,"column":8},"end":{"line":45,"column":17}},"6":{"start":{"line":46,"column":8},"end":{"line":46,"column":53}},"7":{"start":{"line":47,"column":8},"end":{"line":47,"column":76}},"8":{"start":{"line":48,"column":8},"end":{"line":48,"column":27}},"9":{"start":{"line":50,"column":8},"end":{"line":50,"column":35}},"10":{"start":{"line":54,"column":8},"end":{"line":54,"column":53}},"11":{"start":{"line":55,"column":8},"end":{"line":55,"column":55}},"12":{"start":{"line":56,"column":8},"end":{"line":56,"column":99}},"13":{"start":{"line":57,"column":8},"end":{"line":57,"column":70}},"14":{"start":{"line":58,"column":8},"end":{"line":58,"column":1985}},"15":{"start":{"line":59,"column":12},"end":{"line":59,"column":65}},"16":{"start":{"line":60,"column":12},"end":{"line":60,"column":49}},"17":{"start":{"line":62,"column":8},"end":{"line":62,"column":31}},"18":{"start":{"line":70,"column":8},"end":{"line":70,"column":50}},"19":{"start":{"line":71,"column":8},"end":{"line":71,"column":108}},"20":{"start":{"line":73,"column":8},"end":{"line":73,"column":73}},"21":{"start":{"line":75,"column":8},"end":{"line":75,"column":38}},"22":{"start":{"line":76,"column":8},"end":{"line":76,"column":16}},"23":{"start":{"line":84,"column":8},"end":{"line":84,"column":47}},"24":{"start":{"line":85,"column":8},"end":{"line":85,"column":61}},"25":{"start":{"line":87,"column":8},"end":{"line":87,"column":117}},"26":{"start":{"line":88,"column":8},"end":{"line":88,"column":100}},"27":{"start":{"line":90,"column":8},"end":{"line":90,"column":38}},"28":{"start":{"line":91,"column":8},"end":{"line":91,"column":16}},"29":{"start":{"line":95,"column":8},"end":{"line":95,"column":98}},"30":{"start":{"line":96,"column":8},"end":{"line":96,"column":31}},"31":{"start":{"line":100,"column":8},"end":{"line":100,"column":73}},"32":{"start":{"line":101,"column":8},"end":{"line":101,"column":60}},"33":{"start":{"line":102,"column":8},"end":{"line":102,"column":3647}},"34":{"start":{"line":103,"column":12},"end":{"line":103,"column":38}},"35":{"start":{"line":104,"column":12},"end":{"line":104,"column":50}},"36":{"start":{"line":106,"column":12},"end":{"line":106,"column":41}},"37":{"start":{"line":111,"column":8},"end":{"line":111,"column":47}},"38":{"start":{"line":112,"column":8},"end":{"line":112,"column":21}},"39":{"start":{"line":113,"column":8},"end":{"line":113,"column":24}},"40":{"start":{"line":114,"column":8},"end":{"line":114,"column":23}},"41":{"start":{"line":118,"column":8},"end":{"line":118,"column":52}},"42":{"start":{"line":122,"column":8},"end":{"line":122,"column":59}}},"branchMap":{"1":{"line":58,"type":"if","locations":[{"start":{"line":58,"column":8},"end":{"line":58,"column":8}},{"start":{"line":58,"column":8},"end":{"line":58,"column":8}}]},"2":{"line":70,"type":"if","locations":[{"start":{"line":70,"column":8},"end":{"line":70,"column":8}},{"start":{"line":70,"column":8},"end":{"line":70,"column":8}}]},"3":{"line":84,"type":"if","locations":[{"start":{"line":84,"column":8},"end":{"line":84,"column":8}},{"start":{"line":84,"column":8},"end":{"line":84,"column":8}}]},"4":{"line":85,"type":"if","locations":[{"start":{"line":85,"column":8},"end":{"line":85,"column":8}},{"start":{"line":85,"column":8},"end":{"line":85,"column":8}}]},"5":{"line":95,"type":"if","locations":[{"start":{"line":95,"column":8},"end":{"line":95,"column":8}},{"start":{"line":95,"column":8},"end":{"line":95,"column":8}}]},"6":{"line":100,"type":"if","locations":[{"start":{"line":100,"column":8},"end":{"line":100,"column":8}},{"start":{"line":100,"column":8},"end":{"line":100,"column":8}}]},"7":{"line":111,"type":"if","locations":[{"start":{"line":111,"column":8},"end":{"line":111,"column":8}},{"start":{"line":111,"column":8},"end":{"line":111,"column":8}}]}}},"contracts/OmnuumVRFManager.sol":{"l":{"28":345,"29":345,"30":345,"31":345,"44":3,"45":3,"46":2,"48":1,"49":1,"51":1,"55":6,"57":5,"59":5,"61":4,"62":4,"64":3,"67":2,"69":2,"70":2,"72":2,"76":3,"78":3,"79":3,"81":3,"83":3,"84":3,"86":3,"90":1,"91":1,"95":1,"96":1},"path":"/Users/jaeminkim/Projects/Omnuum/omnuum-contracts/contracts/OmnuumVRFManager.sol","s":{"1":345,"2":345,"3":345,"4":345,"5":3,"6":3,"7":2,"8":1,"9":1,"10":1,"11":6,"12":5,"13":5,"14":4,"15":4,"16":3,"17":2,"18":2,"19":2,"20":2,"21":3,"22":3,"23":3,"24":3,"25":3,"26":3,"27":1,"28":1,"29":1,"30":1},"b":{"1":[2,1],"2":[1,1],"3":[5,1],"4":[4,1],"5":[3,1],"6":[2,1]},"f":{"1":345,"2":3,"3":6,"4":3,"5":1,"6":1},"fnMap":{"1":{"name":"constructor","line":27,"loc":{"start":{"line":21,"column":4},"end":{"line":32,"column":4}}},"2":{"name":"requestVRF","line":43,"loc":{"start":{"line":43,"column":4},"end":{"line":52,"column":4}}},"3":{"name":"requestVRFOnce","line":54,"loc":{"start":{"line":54,"column":4},"end":{"line":73,"column":4}}},"4":{"name":"fulfillRandomness","line":75,"loc":{"start":{"line":75,"column":4},"end":{"line":87,"column":4}}},"5":{"name":"updateFee","line":89,"loc":{"start":{"line":89,"column":4},"end":{"line":92,"column":4}}},"6":{"name":"updateSafetyRatio","line":94,"loc":{"start":{"line":94,"column":4},"end":{"line":97,"column":4}}}},"statementMap":{"1":{"start":{"line":28,"column":8},"end":{"line":28,"column":21}},"2":{"start":{"line":29,"column":8},"end":{"line":29,"column":29}},"3":{"start":{"line":30,"column":8},"end":{"line":30,"column":17}},"4":{"start":{"line":31,"column":8},"end":{"line":31,"column":45}},"5":{"start":{"line":44,"column":8},"end":{"line":44,"column":67}},"6":{"start":{"line":45,"column":8},"end":{"line":45,"column":76}},"7":{"start":{"line":46,"column":8},"end":{"line":46,"column":57}},"8":{"start":{"line":48,"column":8},"end":{"line":48,"column":62}},"9":{"start":{"line":49,"column":8},"end":{"line":49,"column":36}},"10":{"start":{"line":51,"column":8},"end":{"line":51,"column":46}},"11":{"start":{"line":55,"column":8},"end":{"line":55,"column":57}},"12":{"start":{"line":57,"column":8},"end":{"line":57,"column":67}},"13":{"start":{"line":59,"column":8},"end":{"line":59,"column":77}},"14":{"start":{"line":61,"column":8},"end":{"line":61,"column":108}},"15":{"start":{"line":62,"column":8},"end":{"line":62,"column":86}},"16":{"start":{"line":64,"column":8},"end":{"line":64,"column":58}},"17":{"start":{"line":67,"column":8},"end":{"line":67,"column":104}},"18":{"start":{"line":69,"column":8},"end":{"line":69,"column":62}},"19":{"start":{"line":70,"column":8},"end":{"line":70,"column":39}},"20":{"start":{"line":72,"column":8},"end":{"line":72,"column":49}},"21":{"start":{"line":76,"column":8},"end":{"line":76,"column":49}},"22":{"start":{"line":78,"column":8},"end":{"line":78,"column":90}},"23":{"start":{"line":79,"column":8},"end":{"line":79,"column":87}},"24":{"start":{"line":81,"column":8},"end":{"line":81,"column":77}},"25":{"start":{"line":83,"column":8},"end":{"line":83,"column":40}},"26":{"start":{"line":86,"column":8},"end":{"line":86,"column":64}},"27":{"start":{"line":90,"column":8},"end":{"line":90,"column":17}},"28":{"start":{"line":91,"column":8},"end":{"line":91,"column":33}},"29":{"start":{"line":95,"column":8},"end":{"line":95,"column":33}},"30":{"start":{"line":96,"column":8},"end":{"line":96,"column":49}}},"branchMap":{"1":{"line":45,"type":"if","locations":[{"start":{"line":45,"column":8},"end":{"line":45,"column":8}},{"start":{"line":45,"column":8},"end":{"line":45,"column":8}}]},"2":{"line":46,"type":"if","locations":[{"start":{"line":46,"column":8},"end":{"line":46,"column":8}},{"start":{"line":46,"column":8},"end":{"line":46,"column":8}}]},"3":{"line":55,"type":"if","locations":[{"start":{"line":55,"column":8},"end":{"line":55,"column":8}},{"start":{"line":55,"column":8},"end":{"line":55,"column":8}}]},"4":{"line":59,"type":"if","locations":[{"start":{"line":59,"column":8},"end":{"line":59,"column":8}},{"start":{"line":59,"column":8},"end":{"line":59,"column":8}}]},"5":{"line":62,"type":"if","locations":[{"start":{"line":62,"column":8},"end":{"line":62,"column":8}},{"start":{"line":62,"column":8},"end":{"line":62,"column":8}}]},"6":{"line":64,"type":"if","locations":[{"start":{"line":64,"column":8},"end":{"line":64,"column":8}},{"start":{"line":64,"column":8},"end":{"line":64,"column":8}}]}}},"contracts/OmnuumWallet.sol":{"l":{"30":58,"31":54,"34":40,"35":38,"38":30,"39":29,"42":3,"43":2,"46":36,"47":35,"50":4,"51":3,"57":345,"60":345,"61":1035,"62":1035,"63":1035,"64":1035,"66":1035,"67":1035,"74":93,"75":93,"76":93,"79":93,"84":14,"86":13,"88":13,"90":13,"92":13,"93":13,"97":29,"98":29,"102":19,"106":6,"107":6,"108":18,"109":16,"112":6,"116":2,"117":2,"121":3,"122":3,"124":2,"125":2,"126":2},"path":"/Users/jaeminkim/Projects/Omnuum/omnuum-contracts/contracts/OmnuumWallet.sol","s":{"1":58,"2":40,"3":30,"4":3,"5":36,"6":4,"7":345,"8":345,"9":1035,"10":1035,"11":1035,"12":1035,"13":1035,"14":1035,"15":93,"16":93,"17":93,"18":14,"19":13,"20":13,"21":13,"22":13,"23":13,"24":29,"25":29,"26":19,"27":6,"28":6,"29":18,"30":6,"31":2,"32":2,"33":3,"34":3,"35":2,"36":2,"37":2},"b":{"1":[54,4],"2":[38,2],"3":[29,1],"4":[2,1],"5":[35,1],"6":[3,1],"7":[345,0],"8":[1035,0],"9":[1035,0],"10":[1035,0],"11":[13,1],"12":[16,2],"13":[2,1]},"f":{"1":58,"2":40,"3":30,"4":3,"5":36,"6":4,"7":345,"8":93,"9":14,"10":29,"11":19,"12":6,"13":2,"14":3},"fnMap":{"1":{"name":"onlyOwners","line":29,"loc":{"start":{"line":29,"column":4},"end":{"line":32,"column":4}}},"2":{"name":"reqExists","line":33,"loc":{"start":{"line":33,"column":4},"end":{"line":36,"column":4}}},"3":{"name":"notApproved","line":37,"loc":{"start":{"line":37,"column":4},"end":{"line":40,"column":4}}},"4":{"name":"isApproved","line":41,"loc":{"start":{"line":41,"column":4},"end":{"line":44,"column":4}}},"5":{"name":"notWithdrawn","line":45,"loc":{"start":{"line":45,"column":4},"end":{"line":48,"column":4}}},"6":{"name":"isAllAgreed","line":49,"loc":{"start":{"line":49,"column":4},"end":{"line":52,"column":4}}},"7":{"name":"constructor","line":55,"loc":{"start":{"line":55,"column":4},"end":{"line":69,"column":4}}},"8":{"name":null,"line":72,"loc":{"start":{"line":72,"column":4},"end":{"line":80,"column":4}}},"9":{"name":"approvalRequest","line":83,"loc":{"start":{"line":83,"column":4},"end":{"line":94,"column":4}}},"10":{"name":"approve","line":96,"loc":{"start":{"line":96,"column":4},"end":{"line":99,"column":4}}},"11":{"name":"checkApproval","line":101,"loc":{"start":{"line":101,"column":4},"end":{"line":103,"column":4}}},"12":{"name":"getApprovalCount","line":105,"loc":{"start":{"line":105,"column":4},"end":{"line":113,"column":4}}},"13":{"name":"revokeApproval","line":115,"loc":{"start":{"line":115,"column":4},"end":{"line":118,"column":4}}},"14":{"name":"withdrawal","line":120,"loc":{"start":{"line":120,"column":4},"end":{"line":127,"column":4}}}},"statementMap":{"1":{"start":{"line":30,"column":8},"end":{"line":30,"column":49}},"2":{"start":{"line":34,"column":8},"end":{"line":34,"column":58}},"3":{"start":{"line":38,"column":8},"end":{"line":38,"column":63}},"4":{"start":{"line":42,"column":8},"end":{"line":42,"column":58}},"5":{"start":{"line":46,"column":8},"end":{"line":46,"column":61}},"6":{"start":{"line":50,"column":8},"end":{"line":50,"column":79}},"7":{"start":{"line":57,"column":8},"end":{"line":57,"column":50}},"8":{"start":{"line":60,"column":8},"end":{"line":60,"column":2092}},"9":{"start":{"line":61,"column":12},"end":{"line":61,"column":38}},"10":{"start":{"line":62,"column":12},"end":{"line":62,"column":51}},"11":{"start":{"line":63,"column":12},"end":{"line":63,"column":50}},"12":{"start":{"line":64,"column":12},"end":{"line":64,"column":58}},"13":{"start":{"line":66,"column":12},"end":{"line":66,"column":32}},"14":{"start":{"line":67,"column":12},"end":{"line":67,"column":29}},"15":{"start":{"line":74,"column":8},"end":{"line":74,"column":27}},"16":{"start":{"line":75,"column":8},"end":{"line":75,"column":37}},"17":{"start":{"line":79,"column":8},"end":{"line":79,"column":60}},"18":{"start":{"line":84,"column":8},"end":{"line":84,"column":90}},"19":{"start":{"line":86,"column":8},"end":{"line":86,"column":101}},"20":{"start":{"line":88,"column":8},"end":{"line":88,"column":43}},"21":{"start":{"line":90,"column":8},"end":{"line":90,"column":21}},"22":{"start":{"line":92,"column":8},"end":{"line":92,"column":41}},"23":{"start":{"line":93,"column":8},"end":{"line":93,"column":22}},"24":{"start":{"line":97,"column":8},"end":{"line":97,"column":43}},"25":{"start":{"line":98,"column":8},"end":{"line":98,"column":41}},"26":{"start":{"line":102,"column":8},"end":{"line":102,"column":43}},"27":{"start":{"line":106,"column":8},"end":{"line":106,"column":21}},"28":{"start":{"line":107,"column":8},"end":{"line":107,"column":3734}},"29":{"start":{"line":108,"column":12},"end":{"line":108,"column":3792}},"30":{"start":{"line":112,"column":8},"end":{"line":112,"column":20}},"31":{"start":{"line":116,"column":8},"end":{"line":116,"column":44}},"32":{"start":{"line":117,"column":8},"end":{"line":117,"column":40}},"33":{"start":{"line":121,"column":8},"end":{"line":121,"column":50}},"34":{"start":{"line":122,"column":8},"end":{"line":122,"column":85}},"35":{"start":{"line":124,"column":8},"end":{"line":124,"column":31}},"36":{"start":{"line":125,"column":8},"end":{"line":125,"column":60}},"37":{"start":{"line":126,"column":8},"end":{"line":126,"column":66}}},"branchMap":{"1":{"line":30,"type":"if","locations":[{"start":{"line":30,"column":8},"end":{"line":30,"column":8}},{"start":{"line":30,"column":8},"end":{"line":30,"column":8}}]},"2":{"line":34,"type":"if","locations":[{"start":{"line":34,"column":8},"end":{"line":34,"column":8}},{"start":{"line":34,"column":8},"end":{"line":34,"column":8}}]},"3":{"line":38,"type":"if","locations":[{"start":{"line":38,"column":8},"end":{"line":38,"column":8}},{"start":{"line":38,"column":8},"end":{"line":38,"column":8}}]},"4":{"line":42,"type":"if","locations":[{"start":{"line":42,"column":8},"end":{"line":42,"column":8}},{"start":{"line":42,"column":8},"end":{"line":42,"column":8}}]},"5":{"line":46,"type":"if","locations":[{"start":{"line":46,"column":8},"end":{"line":46,"column":8}},{"start":{"line":46,"column":8},"end":{"line":46,"column":8}}]},"6":{"line":50,"type":"if","locations":[{"start":{"line":50,"column":8},"end":{"line":50,"column":8}},{"start":{"line":50,"column":8},"end":{"line":50,"column":8}}]},"7":{"line":57,"type":"if","locations":[{"start":{"line":57,"column":8},"end":{"line":57,"column":8}},{"start":{"line":57,"column":8},"end":{"line":57,"column":8}}]},"8":{"line":62,"type":"if","locations":[{"start":{"line":62,"column":12},"end":{"line":62,"column":12}},{"start":{"line":62,"column":12},"end":{"line":62,"column":12}}]},"9":{"line":63,"type":"if","locations":[{"start":{"line":63,"column":12},"end":{"line":63,"column":12}},{"start":{"line":63,"column":12},"end":{"line":63,"column":12}}]},"10":{"line":64,"type":"if","locations":[{"start":{"line":64,"column":12},"end":{"line":64,"column":12}},{"start":{"line":64,"column":12},"end":{"line":64,"column":12}}]},"11":{"line":84,"type":"if","locations":[{"start":{"line":84,"column":8},"end":{"line":84,"column":8}},{"start":{"line":84,"column":8},"end":{"line":84,"column":8}}]},"12":{"line":108,"type":"if","locations":[{"start":{"line":108,"column":12},"end":{"line":108,"column":12}},{"start":{"line":108,"column":12},"end":{"line":108,"column":12}}]},"13":{"line":122,"type":"if","locations":[{"start":{"line":122,"column":8},"end":{"line":122,"column":8}},{"start":{"line":122,"column":8},"end":{"line":122,"column":8}}]}}},"contracts/RevealManager.sol":{"l":{"11":345,"15":4,"16":4,"18":3},"path":"/Users/jaeminkim/Projects/Omnuum/omnuum-contracts/contracts/RevealManager.sol","s":{"1":345,"2":4,"3":4,"4":3},"b":{"1":[4,0],"2":[3,1]},"f":{"1":345,"2":4},"fnMap":{"1":{"name":"constructor","line":10,"loc":{"start":{"line":10,"column":4},"end":{"line":12,"column":4}}},"2":{"name":"vrfRequest","line":14,"loc":{"start":{"line":14,"column":4},"end":{"line":19,"column":4}}}},"statementMap":{"1":{"start":{"line":11,"column":8},"end":{"line":11,"column":29}},"2":{"start":{"line":15,"column":8},"end":{"line":15,"column":57}},"3":{"start":{"line":16,"column":8},"end":{"line":16,"column":50}},"4":{"start":{"line":18,"column":8},"end":{"line":18,"column":111}}},"branchMap":{"1":{"line":15,"type":"if","locations":[{"start":{"line":15,"column":8},"end":{"line":15,"column":8}},{"start":{"line":15,"column":8},"end":{"line":15,"column":8}}]},"2":{"line":16,"type":"if","locations":[{"start":{"line":16,"column":8},"end":{"line":16,"column":8}},{"start":{"line":16,"column":8},"end":{"line":16,"column":8}}]}}},"contracts/SenderVerifier.sol":{"l":{"27":35,"28":35,"29":32,"30":31,"31":30,"35":35,"36":35,"40":35},"path":"/Users/jaeminkim/Projects/Omnuum/omnuum-contracts/contracts/SenderVerifier.sol","s":{"1":35,"2":35,"3":32,"4":31,"5":30,"6":35,"7":35,"8":35},"b":{"1":[32,3],"2":[31,1],"3":[30,1],"4":[27,3]},"f":{"1":345,"2":35,"3":35,"4":35},"fnMap":{"1":{"name":"constructor","line":8,"loc":{"start":{"line":8,"column":4},"end":{"line":8,"column":61}}},"2":{"name":"verify","line":20,"loc":{"start":{"line":20,"column":4},"end":{"line":32,"column":4}}},"3":{"name":"recoverSigner","line":34,"loc":{"start":{"line":34,"column":4},"end":{"line":37,"column":4}}},"4":{"name":"_hash","line":39,"loc":{"start":{"line":39,"column":4},"end":{"line":51,"column":4}}}},"statementMap":{"1":{"start":{"line":27,"column":8},"end":{"line":27,"column":48}},"2":{"start":{"line":28,"column":8},"end":{"line":28,"column":48}},"3":{"start":{"line":29,"column":8},"end":{"line":29,"column":58}},"4":{"start":{"line":30,"column":8},"end":{"line":30,"column":113}},"5":{"start":{"line":31,"column":8},"end":{"line":31,"column":58}},"6":{"start":{"line":35,"column":8},"end":{"line":35,"column":40}},"7":{"start":{"line":36,"column":8},"end":{"line":36,"column":56}},"8":{"start":{"line":40,"column":8},"end":{"line":40,"column":1365}}},"branchMap":{"1":{"line":28,"type":"if","locations":[{"start":{"line":28,"column":8},"end":{"line":28,"column":8}},{"start":{"line":28,"column":8},"end":{"line":28,"column":8}}]},"2":{"line":29,"type":"if","locations":[{"start":{"line":29,"column":8},"end":{"line":29,"column":8}},{"start":{"line":29,"column":8},"end":{"line":29,"column":8}}]},"3":{"line":30,"type":"if","locations":[{"start":{"line":30,"column":8},"end":{"line":30,"column":8}},{"start":{"line":30,"column":8},"end":{"line":30,"column":8}}]},"4":{"line":31,"type":"if","locations":[{"start":{"line":31,"column":8},"end":{"line":31,"column":8}},{"start":{"line":31,"column":8},"end":{"line":31,"column":8}}]}}},"contracts/TicketManager.sol":{"l":{"37":19,"38":18,"40":18,"49":19,"51":11,"52":11,"62":24,"63":22,"64":20,"65":18,"66":16,"70":22,"71":22,"75":22},"path":"/Users/jaeminkim/Projects/Omnuum/omnuum-contracts/contracts/TicketManager.sol","s":{"1":19,"2":18,"3":18,"4":19,"5":11,"6":11,"7":24,"8":22,"9":20,"10":18,"11":16,"12":22,"13":22,"14":22},"b":{"1":[18,1],"2":[22,2],"3":[20,2],"4":[18,2],"5":[16,2],"6":[12,4]},"f":{"1":345,"2":19,"3":19,"4":24,"5":22,"6":22},"fnMap":{"1":{"name":"constructor","line":9,"loc":{"start":{"line":9,"column":4},"end":{"line":9,"column":61}}},"2":{"name":"setEndDate","line":32,"loc":{"start":{"line":32,"column":4},"end":{"line":41,"column":4}}},"3":{"name":"useTicket","line":43,"loc":{"start":{"line":43,"column":4},"end":{"line":53,"column":4}}},"4":{"name":"verify","line":55,"loc":{"start":{"line":55,"column":4},"end":{"line":67,"column":4}}},"5":{"name":"recoverSigner","line":69,"loc":{"start":{"line":69,"column":4},"end":{"line":72,"column":4}}},"6":{"name":"_hash","line":74,"loc":{"start":{"line":74,"column":4},"end":{"line":88,"column":4}}}},"statementMap":{"1":{"start":{"line":37,"column":8},"end":{"line":37,"column":58}},"2":{"start":{"line":38,"column":8},"end":{"line":38,"column":40}},"3":{"start":{"line":40,"column":8},"end":{"line":40,"column":44}},"4":{"start":{"line":49,"column":8},"end":{"line":49,"column":63}},"5":{"start":{"line":51,"column":8},"end":{"line":51,"column":68}},"6":{"start":{"line":52,"column":8},"end":{"line":52,"column":63}},"7":{"start":{"line":62,"column":8},"end":{"line":62,"column":73}},"8":{"start":{"line":63,"column":8},"end":{"line":63,"column":65}},"9":{"start":{"line":64,"column":8},"end":{"line":64,"column":48}},"10":{"start":{"line":65,"column":8},"end":{"line":65,"column":55}},"11":{"start":{"line":66,"column":8},"end":{"line":66,"column":97}},"12":{"start":{"line":70,"column":8},"end":{"line":70,"column":39}},"13":{"start":{"line":71,"column":8},"end":{"line":71,"column":55}},"14":{"start":{"line":75,"column":8},"end":{"line":75,"column":2485}}},"branchMap":{"1":{"line":37,"type":"if","locations":[{"start":{"line":37,"column":8},"end":{"line":37,"column":8}},{"start":{"line":37,"column":8},"end":{"line":37,"column":8}}]},"2":{"line":62,"type":"if","locations":[{"start":{"line":62,"column":8},"end":{"line":62,"column":8}},{"start":{"line":62,"column":8},"end":{"line":62,"column":8}}]},"3":{"line":63,"type":"if","locations":[{"start":{"line":63,"column":8},"end":{"line":63,"column":8}},{"start":{"line":63,"column":8},"end":{"line":63,"column":8}}]},"4":{"line":64,"type":"if","locations":[{"start":{"line":64,"column":8},"end":{"line":64,"column":8}},{"start":{"line":64,"column":8},"end":{"line":64,"column":8}}]},"5":{"line":65,"type":"if","locations":[{"start":{"line":65,"column":8},"end":{"line":65,"column":8}},{"start":{"line":65,"column":8},"end":{"line":65,"column":8}}]},"6":{"line":66,"type":"if","locations":[{"start":{"line":66,"column":8},"end":{"line":66,"column":8}},{"start":{"line":66,"column":8},"end":{"line":66,"column":8}}]}}}}