{
"contracts/library/RevertMessage.sol":{"l":{"8":2,"10":0,"14":0},"path":"/Users/jaeminkim/Projects/Omnuum/omnuum-contracts/contracts/library/RevertMessage.sol","s":{"1":2,"2":2,"3":0},"b":{"1":[2,0]},"f":{"1":2},"fnMap":{"1":{"name":"parse","line":6,"loc":{"start":{"line":6,"column":4},"end":{"line":15,"column":4}}}},"statementMap":{"1":{"start":{"line":8,"column":8},"end":{"line":8,"column":75}},"2":{"start":{"line":8,"column":37},"end":{"line":8,"column":75}},"3":{"start":{"line":14,"column":8},"end":{"line":14,"column":48}}},"branchMap":{"1":{"line":8,"type":"if","locations":[{"start":{"line":8,"column":8},"end":{"line":8,"column":8}},{"start":{"line":8,"column":8},"end":{"line":8,"column":8}}]}}},
"contracts/mock/MockLink.sol":{"l":{"8":2,"12":8,"16":3,"24":3},"path":"/Users/jaeminkim/Projects/Omnuum/omnuum-contracts/contracts/mock/MockLink.sol","s":{"1":2,"2":8,"3":3,"4":3},"b":{},"f":{"1":2,"2":8,"3":3,"4":3},"fnMap":{"1":{"name":"changeBalance","line":7,"loc":{"start":{"line":7,"column":4},"end":{"line":9,"column":4}}},"2":{"name":"balanceOf","line":11,"loc":{"start":{"line":11,"column":4},"end":{"line":13,"column":4}}},"3":{"name":"transfer","line":15,"loc":{"start":{"line":15,"column":4},"end":{"line":17,"column":4}}},"4":{"name":"transferAndCall","line":19,"loc":{"start":{"line":19,"column":4},"end":{"line":25,"column":4}}}},"statementMap":{"1":{"start":{"line":8,"column":8},"end":{"line":8,"column":17}},"2":{"start":{"line":12,"column":8},"end":{"line":12,"column":18}},"3":{"start":{"line":16,"column":8},"end":{"line":16,"column":19}},"4":{"start":{"line":24,"column":8},"end":{"line":24,"column":19}}},"branchMap":{}},
"contracts/mock/MockNFT.sol":{"l":{"15":366,"16":366,"25":0,"35":8,"44":1,"53":1},"path":"/Users/jaeminkim/Projects/Omnuum/omnuum-contracts/contracts/mock/MockNFT.sol","s":{"1":366,"2":366,"3":0,"4":8,"5":1,"6":1},"b":{},"f":{"1":366,"2":0,"3":8,"4":1,"5":1},"fnMap":{"1":{"name":"constructor","line":14,"loc":{"start":{"line":14,"column":4},"end":{"line":17,"column":4}}},"2":{"name":"useTicket","line":19,"loc":{"start":{"line":19,"column":4},"end":{"line":26,"column":4}}},"3":{"name":"publicMint","line":28,"loc":{"start":{"line":28,"column":4},"end":{"line":36,"column":4}}},"4":{"name":"publicContractMint","line":38,"loc":{"start":{"line":38,"column":4},"end":{"line":45,"column":4}}},"5":{"name":"ticketContractMint","line":47,"loc":{"start":{"line":47,"column":4},"end":{"line":54,"column":4}}}},"statementMap":{"1":{"start":{"line":15,"column":8},"end":{"line":15,"column":46}},"2":{"start":{"line":16,"column":8},"end":{"line":16,"column":44}},"3":{"start":{"line":25,"column":8},"end":{"line":25,"column":83}},"4":{"start":{"line":35,"column":8},"end":{"line":35,"column":81}},"5":{"start":{"line":44,"column":8},"end":{"line":44,"column":71}},"6":{"start":{"line":53,"column":8},"end":{"line":53,"column":70}}},"branchMap":{}},
"contracts/mock/MockVrfCoords.sol":{"l":{"14":3},"path":"/Users/jaeminkim/Projects/Omnuum/omnuum-contracts/contracts/mock/MockVrfCoords.sol","s":{"1":3},"b":{},"f":{"1":351,"2":3},"fnMap":{"1":{"name":"constructor","line":7,"loc":{"start":{"line":7,"column":4},"end":{"line":7,"column":19}}},"2":{"name":"sendRandom","line":9,"loc":{"start":{"line":9,"column":4},"end":{"line":15,"column":4}}}},"statementMap":{"1":{"start":{"line":14,"column":8},"end":{"line":14,"column":79}}},"branchMap":{}},
"contracts/utils/Ownable.sol":{"l":{"15":717,"22":14,"29":4,"30":2,"38":0,"39":0,"47":717,"48":717,"49":717},"path":"/Users/jaeminkim/Projects/Omnuum/omnuum-contracts/contracts/utils/Ownable.sol","s":{"1":717,"2":14,"3":4,"4":0,"5":0,"6":717,"7":717,"8":717},"b":{"1":[2,2],"2":[0,0]},"f":{"1":717,"2":14,"3":4,"4":0,"5":717},"fnMap":{"1":{"name":"constructor","line":14,"loc":{"start":{"line":14,"column":4},"end":{"line":16,"column":4}}},"2":{"name":"owner","line":21,"loc":{"start":{"line":21,"column":4},"end":{"line":23,"column":4}}},"3":{"name":"onlyOwner","line":28,"loc":{"start":{"line":28,"column":4},"end":{"line":31,"column":4}}},"4":{"name":"transferOwnership","line":37,"loc":{"start":{"line":37,"column":4},"end":{"line":40,"column":4}}},"5":{"name":"_transferOwnership","line":46,"loc":{"start":{"line":46,"column":4},"end":{"line":50,"column":4}}}},"statementMap":{"1":{"start":{"line":15,"column":8},"end":{"line":15,"column":39}},"2":{"start":{"line":22,"column":8},"end":{"line":22,"column":21}},"3":{"start":{"line":29,"column":8},"end":{"line":29,"column":75}},"4":{"start":{"line":38,"column":8},"end":{"line":38,"column":80}},"5":{"start":{"line":39,"column":8},"end":{"line":39,"column":35}},"6":{"start":{"line":47,"column":8},"end":{"line":47,"column":33}},"7":{"start":{"line":48,"column":8},"end":{"line":48,"column":24}},"8":{"start":{"line":49,"column":8},"end":{"line":49,"column":53}}},"branchMap":{"1":{"line":29,"type":"if","locations":[{"start":{"line":29,"column":8},"end":{"line":29,"column":8}},{"start":{"line":29,"column":8},"end":{"line":29,"column":8}}]},"2":{"line":38,"type":"if","locations":[{"start":{"line":38,"column":8},"end":{"line":38,"column":8}},{"start":{"line":38,"column":8},"end":{"line":38,"column":8}}]}}},
"contracts/utils/OwnableUpgradeable.sol":{"l":{"15":1062,"16":1062,"20":1062,"27":1487,"34":1438,"35":1432,"43":360,"44":360,"52":1422,"53":1422,"54":1422},"path":"/Users/jaeminkim/Projects/Omnuum/omnuum-contracts/contracts/utils/OwnableUpgradeable.sol","s":{"1":1062,"2":1062,"3":1062,"4":1487,"5":1438,"6":360,"7":360,"8":1422,"9":1422,"10":1422},"b":{"1":[1432,6],"2":[360,0]},"f":{"1":1062,"2":1062,"3":1487,"4":1438,"5":360,"6":1422},"fnMap":{"1":{"name":"__Ownable_init","line":14,"loc":{"start":{"line":14,"column":4},"end":{"line":17,"column":4}}},"2":{"name":"__Ownable_init_unchained","line":19,"loc":{"start":{"line":19,"column":4},"end":{"line":21,"column":4}}},"3":{"name":"owner","line":26,"loc":{"start":{"line":26,"column":4},"end":{"line":28,"column":4}}},"4":{"name":"onlyOwner","line":33,"loc":{"start":{"line":33,"column":4},"end":{"line":36,"column":4}}},"5":{"name":"transferOwnership","line":42,"loc":{"start":{"line":42,"column":4},"end":{"line":45,"column":4}}},"6":{"name":"_transferOwnership","line":51,"loc":{"start":{"line":51,"column":4},"end":{"line":55,"column":4}}}},"statementMap":{"1":{"start":{"line":15,"column":8},"end":{"line":15,"column":33}},"2":{"start":{"line":16,"column":8},"end":{"line":16,"column":33}},"3":{"start":{"line":20,"column":8},"end":{"line":20,"column":39}},"4":{"start":{"line":27,"column":8},"end":{"line":27,"column":21}},"5":{"start":{"line":34,"column":8},"end":{"line":34,"column":75}},"6":{"start":{"line":43,"column":8},"end":{"line":43,"column":80}},"7":{"start":{"line":44,"column":8},"end":{"line":44,"column":35}},"8":{"start":{"line":52,"column":8},"end":{"line":52,"column":33}},"9":{"start":{"line":53,"column":8},"end":{"line":53,"column":24}},"10":{"start":{"line":54,"column":8},"end":{"line":54,"column":53}}},"branchMap":{"1":{"line":34,"type":"if","locations":[{"start":{"line":34,"column":8},"end":{"line":34,"column":8}},{"start":{"line":34,"column":8},"end":{"line":34,"column":8}}]},"2":{"line":43,"type":"if","locations":[{"start":{"line":43,"column":8},"end":{"line":43,"column":8}},{"start":{"line":43,"column":8},"end":{"line":43,"column":8}}]}}},
"contracts/V1/OmnuumCAManager.sol":{"l":{"21":351,"25":117,"26":117,"27":936,"32":1,"33":1,"37":942,"38":942,"39":942,"43":2,"44":2,"46":2,"47":1,"50":2,"54":20,"58":441},"path":"/Users/jaeminkim/Projects/Omnuum/omnuum-contracts/contracts/V1/OmnuumCAManager.sol","s":{"1":351,"2":117,"3":117,"4":936,"5":1,"6":1,"7":942,"8":942,"9":942,"10":2,"11":2,"12":2,"13":20,"14":441},"b":{"1":[117,0],"2":[1,1]},"f":{"1":351,"2":117,"3":1,"4":942,"5":2,"6":20,"7":441},"fnMap":{"1":{"name":"initialize","line":20,"loc":{"start":{"line":20,"column":4},"end":{"line":22,"column":4}}},"2":{"name":"registerContractMultiple","line":24,"loc":{"start":{"line":24,"column":4},"end":{"line":29,"column":4}}},"3":{"name":"registerNftContract","line":31,"loc":{"start":{"line":31,"column":4},"end":{"line":34,"column":4}}},"4":{"name":"registerContract","line":36,"loc":{"start":{"line":36,"column":4},"end":{"line":40,"column":4}}},"5":{"name":"removeContract","line":42,"loc":{"start":{"line":42,"column":4},"end":{"line":51,"column":4}}},"6":{"name":"isRegistered","line":53,"loc":{"start":{"line":53,"column":4},"end":{"line":55,"column":4}}},"7":{"name":"getContract","line":57,"loc":{"start":{"line":57,"column":4},"end":{"line":59,"column":4}}}},"statementMap":{"1":{"start":{"line":21,"column":8},"end":{"line":21,"column":23}},"2":{"start":{"line":25,"column":8},"end":{"line":25,"column":63}},"3":{"start":{"line":26,"column":8},"end":{"line":26,"column":870}},"4":{"start":{"line":27,"column":12},"end":{"line":27,"column":46}},"5":{"start":{"line":32,"column":8},"end":{"line":32,"column":40}},"6":{"start":{"line":33,"column":8},"end":{"line":33,"column":63}},"7":{"start":{"line":37,"column":8},"end":{"line":37,"column":51}},"8":{"start":{"line":38,"column":8},"end":{"line":38,"column":35}},"9":{"start":{"line":39,"column":8},"end":{"line":39,"column":78}},"10":{"start":{"line":43,"column":8},"end":{"line":43,"column":56}},"11":{"start":{"line":46,"column":8},"end":{"line":46,"column":1613}},"12":{"start":{"line":50,"column":8},"end":{"line":50,"column":75}},"13":{"start":{"line":54,"column":8},"end":{"line":54,"column":42}},"14":{"start":{"line":58,"column":8},"end":{"line":58,"column":38}}},"branchMap":{"1":{"line":25,"type":"if","locations":[{"start":{"line":25,"column":8},"end":{"line":25,"column":8}},{"start":{"line":25,"column":8},"end":{"line":25,"column":8}}]},"2":{"line":46,"type":"if","locations":[{"start":{"line":46,"column":8},"end":{"line":46,"column":8}},{"start":{"line":46,"column":8},"end":{"line":46,"column":8}}]}}},
"contracts/V1/OmnuumExchange.sol":{"l":{"17":351,"20":351,"29":10,"33":2,"34":1,"43":4,"45":3,"47":3,"51":2,"52":1},"path":"/Users/jaeminkim/Projects/Omnuum/omnuum-contracts/contracts/V1/OmnuumExchange.sol","s":{"1":351,"2":351,"3":10,"4":2,"5":1,"6":4,"7":3,"8":3,"9":2,"10":1},"b":{"1":[1,1],"2":[3,1],"3":[1,1]},"f":{"1":351,"2":10,"3":2,"4":4,"5":2},"fnMap":{"1":{"name":"initialize","line":16,"loc":{"start":{"line":16,"column":4},"end":{"line":21,"column":4}}},"2":{"name":"getExchangeAmount","line":24,"loc":{"start":{"line":24,"column":4},"end":{"line":30,"column":4}}},"3":{"name":"updateTmpExchangeRate","line":32,"loc":{"start":{"line":32,"column":4},"end":{"line":35,"column":4}}},"4":{"name":"exchangeToken","line":38,"loc":{"start":{"line":38,"column":4},"end":{"line":48,"column":4}}},"5":{"name":"withdraw","line":50,"loc":{"start":{"line":50,"column":4},"end":{"line":53,"column":4}}}},"statementMap":{"1":{"start":{"line":17,"column":8},"end":{"line":17,"column":47}},"2":{"start":{"line":20,"column":8},"end":{"line":20,"column":35}},"3":{"start":{"line":29,"column":8},"end":{"line":29,"column":50}},"4":{"start":{"line":33,"column":8},"end":{"line":33,"column":57}},"5":{"start":{"line":34,"column":8},"end":{"line":34,"column":31}},"6":{"start":{"line":43,"column":8},"end":{"line":43,"column":57}},"7":{"start":{"line":45,"column":8},"end":{"line":45,"column":51}},"8":{"start":{"line":47,"column":8},"end":{"line":47,"column":67}},"9":{"start":{"line":51,"column":8},"end":{"line":51,"column":57}},"10":{"start":{"line":52,"column":8},"end":{"line":52,"column":58}}},"branchMap":{"1":{"line":33,"type":"if","locations":[{"start":{"line":33,"column":8},"end":{"line":33,"column":8}},{"start":{"line":33,"column":8},"end":{"line":33,"column":8}}]},"2":{"line":43,"type":"if","locations":[{"start":{"line":43,"column":8},"end":{"line":43,"column":8}},{"start":{"line":43,"column":8},"end":{"line":43,"column":8}}]},"3":{"line":51,"type":"if","locations":[{"start":{"line":51,"column":8},"end":{"line":51,"column":8}},{"start":{"line":51,"column":8},"end":{"line":51,"column":8}}]}}},
"contracts/V1/OmnuumMintManager.sol":{"l":{"50":351,"51":351,"52":351,"56":2,"57":1,"58":1,"62":3,"63":2,"64":2,"68":1,"69":1,"80":16,"82":15,"84":15,"85":15,"86":15,"87":15,"89":15,"98":15,"100":15,"101":13,"102":11,"103":9,"105":6,"106":6,"108":6,"118":5,"120":5,"122":5,"123":4,"125":3,"126":3,"127":9,"130":3,"132":2,"133":6,"134":6,"135":6,"136":5},"path":"/Users/jaeminkim/Projects/Omnuum/omnuum-contracts/contracts/V1/OmnuumMintManager.sol","s":{"1":351,"2":351,"3":351,"4":2,"5":1,"6":1,"7":3,"8":2,"9":2,"10":1,"11":1,"12":16,"13":15,"14":15,"15":15,"16":15,"17":15,"18":15,"19":15,"20":15,"21":13,"22":11,"23":9,"24":6,"25":6,"26":6,"27":5,"28":5,"29":5,"30":4,"31":3,"32":3,"33":9,"34":3,"35":2,"36":6,"37":6,"38":6,"39":5},"b":{"1":[1,1],"2":[2,1],"3":[15,1],"4":[13,2],"5":[11,2],"6":[9,2],"7":[6,3],"8":[4,1],"9":[3,1],"10":[2,1]},"f":{"1":351,"2":2,"3":3,"4":1,"5":16,"6":15,"7":5},"fnMap":{"1":{"name":"initialize","line":49,"loc":{"start":{"line":49,"column":4},"end":{"line":53,"column":4}}},"2":{"name":"changeBaseFeeRate","line":55,"loc":{"start":{"line":55,"column":4},"end":{"line":59,"column":4}}},"3":{"name":"setDiscountRate","line":61,"loc":{"start":{"line":61,"column":4},"end":{"line":65,"column":4}}},"4":{"name":"setMinFee","line":67,"loc":{"start":{"line":67,"column":4},"end":{"line":70,"column":4}}},"5":{"name":"setPublicMintSchedule","line":72,"loc":{"start":{"line":72,"column":4},"end":{"line":90,"column":4}}},"6":{"name":"publicMint","line":92,"loc":{"start":{"line":92,"column":4},"end":{"line":110,"column":4}}},"7":{"name":"mintMultiple","line":113,"loc":{"start":{"line":113,"column":4},"end":{"line":138,"column":4}}}},"statementMap":{"1":{"start":{"line":50,"column":8},"end":{"line":50,"column":23}},"2":{"start":{"line":51,"column":8},"end":{"line":51,"column":33}},"3":{"start":{"line":52,"column":8},"end":{"line":52,"column":28}},"4":{"start":{"line":56,"column":8},"end":{"line":56,"column":48}},"5":{"start":{"line":57,"column":8},"end":{"line":57,"column":36}},"6":{"start":{"line":58,"column":8},"end":{"line":58,"column":47}},"7":{"start":{"line":62,"column":8},"end":{"line":62,"column":46}},"8":{"start":{"line":63,"column":8},"end":{"line":63,"column":49}},"9":{"start":{"line":64,"column":8},"end":{"line":64,"column":57}},"10":{"start":{"line":68,"column":8},"end":{"line":68,"column":23}},"11":{"start":{"line":69,"column":8},"end":{"line":69,"column":31}},"12":{"start":{"line":80,"column":8},"end":{"line":80,"column":58}},"13":{"start":{"line":82,"column":8},"end":{"line":82,"column":81}},"14":{"start":{"line":84,"column":8},"end":{"line":84,"column":32}},"15":{"start":{"line":85,"column":8},"end":{"line":85,"column":34}},"16":{"start":{"line":86,"column":8},"end":{"line":86,"column":38}},"17":{"start":{"line":87,"column":8},"end":{"line":87,"column":52}},"18":{"start":{"line":89,"column":8},"end":{"line":89,"column":96}},"19":{"start":{"line":98,"column":8},"end":{"line":98,"column":87}},"20":{"start":{"line":100,"column":8},"end":{"line":100,"column":58}},"21":{"start":{"line":101,"column":8},"end":{"line":101,"column":62}},"22":{"start":{"line":102,"column":8},"end":{"line":102,"column":88}},"23":{"start":{"line":103,"column":8},"end":{"line":103,"column":74}},"24":{"start":{"line":105,"column":8},"end":{"line":105,"column":44}},"25":{"start":{"line":106,"column":8},"end":{"line":106,"column":40}},"26":{"start":{"line":108,"column":8},"end":{"line":108,"column":102}},"27":{"start":{"line":118,"column":8},"end":{"line":118,"column":65}},"28":{"start":{"line":120,"column":8},"end":{"line":120,"column":33}},"29":{"start":{"line":122,"column":8},"end":{"line":122,"column":59}},"30":{"start":{"line":123,"column":8},"end":{"line":123,"column":49}},"31":{"start":{"line":125,"column":8},"end":{"line":125,"column":29}},"32":{"start":{"line":126,"column":8},"end":{"line":126,"column":4032}},"33":{"start":{"line":127,"column":12},"end":{"line":127,"column":42}},"34":{"start":{"line":130,"column":8},"end":{"line":130,"column":58}},"35":{"start":{"line":132,"column":8},"end":{"line":132,"column":4190}},"36":{"start":{"line":133,"column":12},"end":{"line":133,"column":32}},"37":{"start":{"line":134,"column":12},"end":{"line":134,"column":44}},"38":{"start":{"line":135,"column":12},"end":{"line":135,"column":84}},"39":{"start":{"line":136,"column":12},"end":{"line":136,"column":51}}},"branchMap":{"1":{"line":56,"type":"if","locations":[{"start":{"line":56,"column":8},"end":{"line":56,"column":8}},{"start":{"line":56,"column":8},"end":{"line":56,"column":8}}]},"2":{"line":62,"type":"if","locations":[{"start":{"line":62,"column":8},"end":{"line":62,"column":8}},{"start":{"line":62,"column":8},"end":{"line":62,"column":8}}]},"3":{"line":80,"type":"if","locations":[{"start":{"line":80,"column":8},"end":{"line":80,"column":8}},{"start":{"line":80,"column":8},"end":{"line":80,"column":8}}]},"4":{"line":100,"type":"if","locations":[{"start":{"line":100,"column":8},"end":{"line":100,"column":8}},{"start":{"line":100,"column":8},"end":{"line":100,"column":8}}]},"5":{"line":101,"type":"if","locations":[{"start":{"line":101,"column":8},"end":{"line":101,"column":8}},{"start":{"line":101,"column":8},"end":{"line":101,"column":8}}]},"6":{"line":102,"type":"if","locations":[{"start":{"line":102,"column":8},"end":{"line":102,"column":8}},{"start":{"line":102,"column":8},"end":{"line":102,"column":8}}]},"7":{"line":103,"type":"if","locations":[{"start":{"line":103,"column":8},"end":{"line":103,"column":8}},{"start":{"line":103,"column":8},"end":{"line":103,"column":8}}]},"8":{"line":122,"type":"if","locations":[{"start":{"line":122,"column":8},"end":{"line":122,"column":8}},{"start":{"line":122,"column":8},"end":{"line":122,"column":8}}]},"9":{"line":123,"type":"if","locations":[{"start":{"line":123,"column":8},"end":{"line":123,"column":8}},{"start":{"line":123,"column":8},"end":{"line":123,"column":8}}]},"10":{"line":130,"type":"if","locations":[{"start":{"line":130,"column":8},"end":{"line":130,"column":8}},{"start":{"line":130,"column":8},"end":{"line":130,"column":8}}]}}},
"contracts/V1/OmnuumNFT1155.sol":{"l":{"40":360,"41":360,"42":360,"44":360,"46":360,"47":360,"48":360,"50":360,"52":360,"56":17,"57":17,"58":17,"59":17,"60":17,"61":17,"62":17,"64":17,"66":17,"71":17,"79":10,"80":9,"82":7,"84":3,"85":3,"93":23,"94":22,"96":21,"97":19,"99":11,"100":9,"104":7,"106":6,"107":6,"109":6,"111":5,"115":20,"116":17,"117":17,"118":69,"119":69,"121":69,"126":3,"127":3,"128":3,"129":3,"133":2,"137":1},"path":"/Users/jaeminkim/Projects/Omnuum/omnuum-contracts/contracts/V1/OmnuumNFT1155.sol","s":{"1":360,"2":360,"3":360,"4":360,"5":360,"6":360,"7":360,"8":360,"9":360,"10":17,"11":17,"12":17,"13":17,"14":17,"15":17,"16":17,"17":17,"18":17,"19":17,"20":10,"21":9,"22":7,"23":3,"24":3,"25":23,"26":22,"27":21,"28":19,"29":11,"30":9,"31":7,"32":6,"33":6,"34":6,"35":5,"36":20,"37":17,"38":17,"39":69,"40":69,"41":69,"42":3,"43":3,"44":3,"45":3,"46":2,"47":1},"b":{"1":[9,1],"2":[22,1],"3":[21,1],"4":[6,1],"5":[6,0],"6":[17,3],"7":[3,0]},"f":{"1":360,"2":17,"3":10,"4":23,"5":7,"6":20,"7":3,"8":2,"9":1},"fnMap":{"1":{"name":"initialize","line":39,"loc":{"start":{"line":33,"column":4},"end":{"line":53,"column":4}}},"2":{"name":"sendFee","line":55,"loc":{"start":{"line":55,"column":4},"end":{"line":72,"column":4}}},"3":{"name":"publicMint","line":78,"loc":{"start":{"line":74,"column":4},"end":{"line":86,"column":4}}},"4":{"name":"ticketMint","line":92,"loc":{"start":{"line":88,"column":4},"end":{"line":101,"column":4}}},"5":{"name":"mintDirect","line":103,"loc":{"start":{"line":103,"column":4},"end":{"line":112,"column":4}}},"6":{"name":"mintLoop","line":114,"loc":{"start":{"line":114,"column":4},"end":{"line":123,"column":4}}},"7":{"name":"setUri","line":125,"loc":{"start":{"line":125,"column":4},"end":{"line":130,"column":4}}},"8":{"name":"uri","line":132,"loc":{"start":{"line":132,"column":4},"end":{"line":134,"column":4}}},"9":{"name":"withdraw","line":136,"loc":{"start":{"line":136,"column":4},"end":{"line":138,"column":4}}}},"statementMap":{"1":{"start":{"line":40,"column":8},"end":{"line":40,"column":25}},"2":{"start":{"line":41,"column":8},"end":{"line":41,"column":31}},"3":{"start":{"line":42,"column":8},"end":{"line":42,"column":23}},"4":{"start":{"line":44,"column":8},"end":{"line":44,"column":29}},"5":{"start":{"line":46,"column":8},"end":{"line":46,"column":17}},"6":{"start":{"line":47,"column":8},"end":{"line":47,"column":53}},"7":{"start":{"line":48,"column":8},"end":{"line":48,"column":58}},"8":{"start":{"line":50,"column":8},"end":{"line":50,"column":27}},"9":{"start":{"line":52,"column":8},"end":{"line":52,"column":35}},"10":{"start":{"line":56,"column":8},"end":{"line":56,"column":71}},"11":{"start":{"line":57,"column":8},"end":{"line":57,"column":53}},"12":{"start":{"line":58,"column":8},"end":{"line":58,"column":55}},"13":{"start":{"line":59,"column":8},"end":{"line":59,"column":45}},"14":{"start":{"line":60,"column":8},"end":{"line":60,"column":99}},"15":{"start":{"line":61,"column":8},"end":{"line":61,"column":77}},"16":{"start":{"line":62,"column":8},"end":{"line":62,"column":46}},"17":{"start":{"line":64,"column":8},"end":{"line":64,"column":84}},"18":{"start":{"line":66,"column":8},"end":{"line":66,"column":2205}},"19":{"start":{"line":71,"column":8},"end":{"line":71,"column":32}},"20":{"start":{"line":79,"column":8},"end":{"line":79,"column":50}},"21":{"start":{"line":80,"column":8},"end":{"line":80,"column":108}},"22":{"start":{"line":82,"column":8},"end":{"line":82,"column":93}},"23":{"start":{"line":84,"column":8},"end":{"line":84,"column":38}},"24":{"start":{"line":85,"column":8},"end":{"line":85,"column":25}},"25":{"start":{"line":93,"column":8},"end":{"line":93,"column":47}},"26":{"start":{"line":94,"column":8},"end":{"line":94,"column":61}},"27":{"start":{"line":96,"column":8},"end":{"line":96,"column":117}},"28":{"start":{"line":97,"column":8},"end":{"line":97,"column":100}},"29":{"start":{"line":99,"column":8},"end":{"line":99,"column":38}},"30":{"start":{"line":100,"column":8},"end":{"line":100,"column":25}},"31":{"start":{"line":104,"column":8},"end":{"line":104,"column":49}},"32":{"start":{"line":106,"column":8},"end":{"line":106,"column":65}},"33":{"start":{"line":107,"column":8},"end":{"line":107,"column":54}},"34":{"start":{"line":109,"column":8},"end":{"line":109,"column":31}},"35":{"start":{"line":111,"column":8},"end":{"line":111,"column":25}},"36":{"start":{"line":115,"column":8},"end":{"line":115,"column":73}},"37":{"start":{"line":116,"column":8},"end":{"line":116,"column":60}},"38":{"start":{"line":117,"column":8},"end":{"line":117,"column":4042}},"39":{"start":{"line":118,"column":12},"end":{"line":118,"column":38}},"40":{"start":{"line":119,"column":12},"end":{"line":119,"column":50}},"41":{"start":{"line":121,"column":12},"end":{"line":121,"column":41}},"42":{"start":{"line":126,"column":8},"end":{"line":126,"column":47}},"43":{"start":{"line":127,"column":8},"end":{"line":127,"column":21}},"44":{"start":{"line":128,"column":8},"end":{"line":128,"column":24}},"45":{"start":{"line":129,"column":8},"end":{"line":129,"column":23}},"46":{"start":{"line":133,"column":8},"end":{"line":133,"column":52}},"47":{"start":{"line":137,"column":8},"end":{"line":137,"column":59}}},"branchMap":{"1":{"line":79,"type":"if","locations":[{"start":{"line":79,"column":8},"end":{"line":79,"column":8}},{"start":{"line":79,"column":8},"end":{"line":79,"column":8}}]},"2":{"line":93,"type":"if","locations":[{"start":{"line":93,"column":8},"end":{"line":93,"column":8}},{"start":{"line":93,"column":8},"end":{"line":93,"column":8}}]},"3":{"line":94,"type":"if","locations":[{"start":{"line":94,"column":8},"end":{"line":94,"column":8}},{"start":{"line":94,"column":8},"end":{"line":94,"column":8}}]},"4":{"line":104,"type":"if","locations":[{"start":{"line":104,"column":8},"end":{"line":104,"column":8}},{"start":{"line":104,"column":8},"end":{"line":104,"column":8}}]},"5":{"line":107,"type":"if","locations":[{"start":{"line":107,"column":8},"end":{"line":107,"column":8}},{"start":{"line":107,"column":8},"end":{"line":107,"column":8}}]},"6":{"line":115,"type":"if","locations":[{"start":{"line":115,"column":8},"end":{"line":115,"column":8}},{"start":{"line":115,"column":8},"end":{"line":115,"column":8}}]},"7":{"line":126,"type":"if","locations":[{"start":{"line":126,"column":8},"end":{"line":126,"column":8}},{"start":{"line":126,"column":8},"end":{"line":126,"column":8}}]}}},
"contracts/V1/OmnuumVRFManager.sol":{"l":{"27":351,"28":351,"29":351,"30":351,"44":3,"45":3,"46":2,"48":1,"49":1,"50":1,"52":1,"56":6,"58":5,"60":5,"62":4,"63":4,"65":3,"68":2,"70":2,"71":2,"72":2,"74":2,"78":3,"80":3,"81":3,"83":3,"85":3,"86":3,"88":3,"92":1,"93":1,"97":1,"98":1,"99":1},"path":"/Users/jaeminkim/Projects/Omnuum/omnuum-contracts/contracts/V1/OmnuumVRFManager.sol","s":{"1":351,"2":351,"3":351,"4":351,"5":3,"6":3,"7":2,"8":1,"9":1,"10":1,"11":1,"12":6,"13":5,"14":5,"15":4,"16":4,"17":3,"18":2,"19":2,"20":2,"21":2,"22":2,"23":3,"24":3,"25":3,"26":3,"27":3,"28":3,"29":1,"30":1,"31":1,"32":1,"33":1},"b":{"1":[2,1],"2":[1,1],"3":[5,1],"4":[4,1],"5":[3,1],"6":[2,1],"7":[1,0]},"f":{"1":351,"2":3,"3":6,"4":3,"5":1,"6":1},"fnMap":{"1":{"name":"constructor","line":26,"loc":{"start":{"line":20,"column":4},"end":{"line":31,"column":4}}},"2":{"name":"requestVRF","line":43,"loc":{"start":{"line":43,"column":4},"end":{"line":53,"column":4}}},"3":{"name":"requestVRFOnce","line":55,"loc":{"start":{"line":55,"column":4},"end":{"line":75,"column":4}}},"4":{"name":"fulfillRandomness","line":77,"loc":{"start":{"line":77,"column":4},"end":{"line":89,"column":4}}},"5":{"name":"updateFee","line":91,"loc":{"start":{"line":91,"column":4},"end":{"line":94,"column":4}}},"6":{"name":"updateSafetyRatio","line":96,"loc":{"start":{"line":96,"column":4},"end":{"line":100,"column":4}}}},"statementMap":{"1":{"start":{"line":27,"column":8},"end":{"line":27,"column":21}},"2":{"start":{"line":28,"column":8},"end":{"line":28,"column":29}},"3":{"start":{"line":29,"column":8},"end":{"line":29,"column":17}},"4":{"start":{"line":30,"column":8},"end":{"line":30,"column":45}},"5":{"start":{"line":44,"column":8},"end":{"line":44,"column":67}},"6":{"start":{"line":45,"column":8},"end":{"line":45,"column":72}},"7":{"start":{"line":46,"column":8},"end":{"line":46,"column":57}},"8":{"start":{"line":48,"column":8},"end":{"line":48,"column":62}},"9":{"start":{"line":49,"column":8},"end":{"line":49,"column":36}},"10":{"start":{"line":50,"column":8},"end":{"line":50,"column":64}},"11":{"start":{"line":52,"column":8},"end":{"line":52,"column":68}},"12":{"start":{"line":56,"column":8},"end":{"line":56,"column":57}},"13":{"start":{"line":58,"column":8},"end":{"line":58,"column":67}},"14":{"start":{"line":60,"column":8},"end":{"line":60,"column":73}},"15":{"start":{"line":62,"column":8},"end":{"line":62,"column":108}},"16":{"start":{"line":63,"column":8},"end":{"line":63,"column":86}},"17":{"start":{"line":65,"column":8},"end":{"line":65,"column":58}},"18":{"start":{"line":68,"column":8},"end":{"line":68,"column":100}},"19":{"start":{"line":70,"column":8},"end":{"line":70,"column":62}},"20":{"start":{"line":71,"column":8},"end":{"line":71,"column":39}},"21":{"start":{"line":72,"column":8},"end":{"line":72,"column":64}},"22":{"start":{"line":74,"column":8},"end":{"line":74,"column":71}},"23":{"start":{"line":78,"column":8},"end":{"line":78,"column":49}},"24":{"start":{"line":80,"column":8},"end":{"line":80,"column":90}},"25":{"start":{"line":81,"column":8},"end":{"line":81,"column":87}},"26":{"start":{"line":83,"column":8},"end":{"line":83,"column":77}},"27":{"start":{"line":85,"column":8},"end":{"line":85,"column":40}},"28":{"start":{"line":88,"column":8},"end":{"line":88,"column":86}},"29":{"start":{"line":92,"column":8},"end":{"line":92,"column":17}},"30":{"start":{"line":93,"column":8},"end":{"line":93,"column":62}},"31":{"start":{"line":97,"column":8},"end":{"line":97,"column":55}},"32":{"start":{"line":98,"column":8},"end":{"line":98,"column":33}},"33":{"start":{"line":99,"column":8},"end":{"line":99,"column":78}}},"branchMap":{"1":{"line":45,"type":"if","locations":[{"start":{"line":45,"column":8},"end":{"line":45,"column":8}},{"start":{"line":45,"column":8},"end":{"line":45,"column":8}}]},"2":{"line":46,"type":"if","locations":[{"start":{"line":46,"column":8},"end":{"line":46,"column":8}},{"start":{"line":46,"column":8},"end":{"line":46,"column":8}}]},"3":{"line":56,"type":"if","locations":[{"start":{"line":56,"column":8},"end":{"line":56,"column":8}},{"start":{"line":56,"column":8},"end":{"line":56,"column":8}}]},"4":{"line":60,"type":"if","locations":[{"start":{"line":60,"column":8},"end":{"line":60,"column":8}},{"start":{"line":60,"column":8},"end":{"line":60,"column":8}}]},"5":{"line":63,"type":"if","locations":[{"start":{"line":63,"column":8},"end":{"line":63,"column":8}},{"start":{"line":63,"column":8},"end":{"line":63,"column":8}}]},"6":{"line":65,"type":"if","locations":[{"start":{"line":65,"column":8},"end":{"line":65,"column":8}},{"start":{"line":65,"column":8},"end":{"line":65,"column":8}}]},"7":{"line":97,"type":"if","locations":[{"start":{"line":97,"column":8},"end":{"line":97,"column":8}},{"start":{"line":97,"column":8},"end":{"line":97,"column":8}}]}}},
"contracts/V1/OmnuumWallet.sol":{"l":{"31":58,"32":54,"35":40,"36":38,"39":30,"40":29,"43":3,"44":2,"47":36,"48":35,"51":4,"52":3,"58":351,"61":351,"62":1053,"63":1053,"64":1053,"65":1053,"67":1053,"68":1053,"75":19,"76":18,"80":75,"85":14,"87":13,"89":13,"91":13,"93":13,"94":13,"98":29,"99":29,"103":19,"107":6,"108":6,"109":18,"110":16,"113":6,"117":2,"118":2,"122":3,"123":3,"125":2,"126":2,"127":2},"path":"/Users/jaeminkim/Projects/Omnuum/omnuum-contracts/contracts/V1/OmnuumWallet.sol","s":{"1":58,"2":40,"3":30,"4":3,"5":36,"6":4,"7":351,"8":351,"9":1053,"10":1053,"11":1053,"12":1053,"13":1053,"14":1053,"15":19,"16":18,"17":14,"18":13,"19":13,"20":13,"21":13,"22":13,"23":29,"24":29,"25":19,"26":6,"27":6,"28":18,"29":6,"30":2,"31":2,"32":3,"33":3,"34":2,"35":2,"36":2},"b":{"1":[54,4],"2":[38,2],"3":[29,1],"4":[2,1],"5":[35,1],"6":[3,1],"7":[351,0],"8":[1053,0],"9":[1053,0],"10":[1053,0],"11":[18,1],"12":[13,1],"13":[16,2],"14":[2,1]},"f":{"1":58,"2":40,"3":30,"4":3,"5":36,"6":4,"7":351,"8":19,"9":14,"10":29,"11":19,"12":6,"13":2,"14":3},"fnMap":{"1":{"name":"onlyOwners","line":30,"loc":{"start":{"line":30,"column":4},"end":{"line":33,"column":4}}},"2":{"name":"reqExists","line":34,"loc":{"start":{"line":34,"column":4},"end":{"line":37,"column":4}}},"3":{"name":"notApproved","line":38,"loc":{"start":{"line":38,"column":4},"end":{"line":41,"column":4}}},"4":{"name":"isApproved","line":42,"loc":{"start":{"line":42,"column":4},"end":{"line":45,"column":4}}},"5":{"name":"notWithdrawn","line":46,"loc":{"start":{"line":46,"column":4},"end":{"line":49,"column":4}}},"6":{"name":"isAllAgreed","line":50,"loc":{"start":{"line":50,"column":4},"end":{"line":53,"column":4}}},"7":{"name":"constructor","line":56,"loc":{"start":{"line":56,"column":4},"end":{"line":70,"column":4}}},"8":{"name":"makePayment","line":74,"loc":{"start":{"line":74,"column":4},"end":{"line":77,"column":4}}},"9":{"name":"approvalRequest","line":84,"loc":{"start":{"line":84,"column":4},"end":{"line":95,"column":4}}},"10":{"name":"approve","line":97,"loc":{"start":{"line":97,"column":4},"end":{"line":100,"column":4}}},"11":{"name":"checkApproval","line":102,"loc":{"start":{"line":102,"column":4},"end":{"line":104,"column":4}}},"12":{"name":"getApprovalCount","line":106,"loc":{"start":{"line":106,"column":4},"end":{"line":114,"column":4}}},"13":{"name":"revokeApproval","line":116,"loc":{"start":{"line":116,"column":4},"end":{"line":119,"column":4}}},"14":{"name":"withdrawal","line":121,"loc":{"start":{"line":121,"column":4},"end":{"line":128,"column":4}}}},"statementMap":{"1":{"start":{"line":31,"column":8},"end":{"line":31,"column":49}},"2":{"start":{"line":35,"column":8},"end":{"line":35,"column":58}},"3":{"start":{"line":39,"column":8},"end":{"line":39,"column":63}},"4":{"start":{"line":43,"column":8},"end":{"line":43,"column":58}},"5":{"start":{"line":47,"column":8},"end":{"line":47,"column":61}},"6":{"start":{"line":51,"column":8},"end":{"line":51,"column":79}},"7":{"start":{"line":58,"column":8},"end":{"line":58,"column":50}},"8":{"start":{"line":61,"column":8},"end":{"line":61,"column":2107}},"9":{"start":{"line":62,"column":12},"end":{"line":62,"column":38}},"10":{"start":{"line":63,"column":12},"end":{"line":63,"column":51}},"11":{"start":{"line":64,"column":12},"end":{"line":64,"column":50}},"12":{"start":{"line":65,"column":12},"end":{"line":65,"column":58}},"13":{"start":{"line":67,"column":12},"end":{"line":67,"column":32}},"14":{"start":{"line":68,"column":12},"end":{"line":68,"column":29}},"15":{"start":{"line":75,"column":8},"end":{"line":75,"column":48}},"16":{"start":{"line":76,"column":8},"end":{"line":76,"column":50}},"17":{"start":{"line":85,"column":8},"end":{"line":85,"column":90}},"18":{"start":{"line":87,"column":8},"end":{"line":87,"column":101}},"19":{"start":{"line":89,"column":8},"end":{"line":89,"column":43}},"20":{"start":{"line":91,"column":8},"end":{"line":91,"column":21}},"21":{"start":{"line":93,"column":8},"end":{"line":93,"column":59}},"22":{"start":{"line":94,"column":8},"end":{"line":94,"column":22}},"23":{"start":{"line":98,"column":8},"end":{"line":98,"column":43}},"24":{"start":{"line":99,"column":8},"end":{"line":99,"column":41}},"25":{"start":{"line":103,"column":8},"end":{"line":103,"column":43}},"26":{"start":{"line":107,"column":8},"end":{"line":107,"column":21}},"27":{"start":{"line":108,"column":8},"end":{"line":108,"column":3732}},"28":{"start":{"line":109,"column":12},"end":{"line":109,"column":3790}},"29":{"start":{"line":113,"column":8},"end":{"line":113,"column":20}},"30":{"start":{"line":117,"column":8},"end":{"line":117,"column":44}},"31":{"start":{"line":118,"column":8},"end":{"line":118,"column":40}},"32":{"start":{"line":122,"column":8},"end":{"line":122,"column":50}},"33":{"start":{"line":123,"column":8},"end":{"line":123,"column":85}},"34":{"start":{"line":125,"column":8},"end":{"line":125,"column":31}},"35":{"start":{"line":126,"column":8},"end":{"line":126,"column":60}},"36":{"start":{"line":127,"column":8},"end":{"line":127,"column":66}}},"branchMap":{"1":{"line":31,"type":"if","locations":[{"start":{"line":31,"column":8},"end":{"line":31,"column":8}},{"start":{"line":31,"column":8},"end":{"line":31,"column":8}}]},"2":{"line":35,"type":"if","locations":[{"start":{"line":35,"column":8},"end":{"line":35,"column":8}},{"start":{"line":35,"column":8},"end":{"line":35,"column":8}}]},"3":{"line":39,"type":"if","locations":[{"start":{"line":39,"column":8},"end":{"line":39,"column":8}},{"start":{"line":39,"column":8},"end":{"line":39,"column":8}}]},"4":{"line":43,"type":"if","locations":[{"start":{"line":43,"column":8},"end":{"line":43,"column":8}},{"start":{"line":43,"column":8},"end":{"line":43,"column":8}}]},"5":{"line":47,"type":"if","locations":[{"start":{"line":47,"column":8},"end":{"line":47,"column":8}},{"start":{"line":47,"column":8},"end":{"line":47,"column":8}}]},"6":{"line":51,"type":"if","locations":[{"start":{"line":51,"column":8},"end":{"line":51,"column":8}},{"start":{"line":51,"column":8},"end":{"line":51,"column":8}}]},"7":{"line":58,"type":"if","locations":[{"start":{"line":58,"column":8},"end":{"line":58,"column":8}},{"start":{"line":58,"column":8},"end":{"line":58,"column":8}}]},"8":{"line":63,"type":"if","locations":[{"start":{"line":63,"column":12},"end":{"line":63,"column":12}},{"start":{"line":63,"column":12},"end":{"line":63,"column":12}}]},"9":{"line":64,"type":"if","locations":[{"start":{"line":64,"column":12},"end":{"line":64,"column":12}},{"start":{"line":64,"column":12},"end":{"line":64,"column":12}}]},"10":{"line":65,"type":"if","locations":[{"start":{"line":65,"column":12},"end":{"line":65,"column":12}},{"start":{"line":65,"column":12},"end":{"line":65,"column":12}}]},"11":{"line":75,"type":"if","locations":[{"start":{"line":75,"column":8},"end":{"line":75,"column":8}},{"start":{"line":75,"column":8},"end":{"line":75,"column":8}}]},"12":{"line":85,"type":"if","locations":[{"start":{"line":85,"column":8},"end":{"line":85,"column":8}},{"start":{"line":85,"column":8},"end":{"line":85,"column":8}}]},"13":{"line":109,"type":"if","locations":[{"start":{"line":109,"column":12},"end":{"line":109,"column":12}},{"start":{"line":109,"column":12},"end":{"line":109,"column":12}}]},"14":{"line":123,"type":"if","locations":[{"start":{"line":123,"column":8},"end":{"line":123,"column":8}},{"start":{"line":123,"column":8},"end":{"line":123,"column":8}}]}}},
"contracts/V1/RevealManager.sol":{"l":{"12":351,"16":4,"17":4,"19":3},"path":"/Users/jaeminkim/Projects/Omnuum/omnuum-contracts/contracts/V1/RevealManager.sol","s":{"1":351,"2":4,"3":4,"4":3},"b":{"1":[4,0],"2":[3,1]},"f":{"1":351,"2":4},"fnMap":{"1":{"name":"constructor","line":11,"loc":{"start":{"line":11,"column":4},"end":{"line":13,"column":4}}},"2":{"name":"vrfRequest","line":15,"loc":{"start":{"line":15,"column":4},"end":{"line":20,"column":4}}}},"statementMap":{"1":{"start":{"line":12,"column":8},"end":{"line":12,"column":29}},"2":{"start":{"line":16,"column":8},"end":{"line":16,"column":57}},"3":{"start":{"line":17,"column":8},"end":{"line":17,"column":50}},"4":{"start":{"line":19,"column":8},"end":{"line":19,"column":125}}},"branchMap":{"1":{"line":16,"type":"if","locations":[{"start":{"line":16,"column":8},"end":{"line":16,"column":8}},{"start":{"line":16,"column":8},"end":{"line":16,"column":8}}]},"2":{"line":17,"type":"if","locations":[{"start":{"line":17,"column":8},"end":{"line":17,"column":8}},{"start":{"line":17,"column":8},"end":{"line":17,"column":8}}]}}},
"contracts/V1/SenderVerifier.sol":{"l":{"27":35,"28":35,"29":32,"30":31,"31":30,"35":35,"36":35,"40":35},"path":"/Users/jaeminkim/Projects/Omnuum/omnuum-contracts/contracts/V1/SenderVerifier.sol","s":{"1":35,"2":35,"3":32,"4":31,"5":30,"6":35,"7":35,"8":35},"b":{"1":[32,3],"2":[31,1],"3":[30,1],"4":[27,3]},"f":{"1":351,"2":35,"3":35,"4":35},"fnMap":{"1":{"name":"constructor","line":8,"loc":{"start":{"line":8,"column":4},"end":{"line":8,"column":61}}},"2":{"name":"verify","line":20,"loc":{"start":{"line":20,"column":4},"end":{"line":32,"column":4}}},"3":{"name":"recoverSigner","line":34,"loc":{"start":{"line":34,"column":4},"end":{"line":37,"column":4}}},"4":{"name":"_hash","line":39,"loc":{"start":{"line":39,"column":4},"end":{"line":51,"column":4}}}},"statementMap":{"1":{"start":{"line":27,"column":8},"end":{"line":27,"column":48}},"2":{"start":{"line":28,"column":8},"end":{"line":28,"column":48}},"3":{"start":{"line":29,"column":8},"end":{"line":29,"column":55}},"4":{"start":{"line":30,"column":8},"end":{"line":30,"column":113}},"5":{"start":{"line":31,"column":8},"end":{"line":31,"column":58}},"6":{"start":{"line":35,"column":8},"end":{"line":35,"column":40}},"7":{"start":{"line":36,"column":8},"end":{"line":36,"column":56}},"8":{"start":{"line":40,"column":8},"end":{"line":40,"column":1348}}},"branchMap":{"1":{"line":28,"type":"if","locations":[{"start":{"line":28,"column":8},"end":{"line":28,"column":8}},{"start":{"line":28,"column":8},"end":{"line":28,"column":8}}]},"2":{"line":29,"type":"if","locations":[{"start":{"line":29,"column":8},"end":{"line":29,"column":8}},{"start":{"line":29,"column":8},"end":{"line":29,"column":8}}]},"3":{"line":30,"type":"if","locations":[{"start":{"line":30,"column":8},"end":{"line":30,"column":8}},{"start":{"line":30,"column":8},"end":{"line":30,"column":8}}]},"4":{"line":31,"type":"if","locations":[{"start":{"line":31,"column":8},"end":{"line":31,"column":8}},{"start":{"line":31,"column":8},"end":{"line":31,"column":8}}]}}},
"contracts/V1/TicketManager.sol":{"l":{"47":19,"48":18,"50":18,"59":19,"61":11,"62":11,"73":24,"74":22,"75":20,"76":18,"77":16,"81":22,"82":22,"86":22},"path":"/Users/jaeminkim/Projects/Omnuum/omnuum-contracts/contracts/V1/TicketManager.sol","s":{"1":19,"2":18,"3":18,"4":19,"5":11,"6":11,"7":24,"8":22,"9":20,"10":18,"11":16,"12":22,"13":22,"14":22},"b":{"1":[18,1],"2":[22,2],"3":[20,2],"4":[18,2],"5":[16,2],"6":[12,4]},"f":{"1":351,"2":19,"3":19,"4":24,"5":22,"6":22},"fnMap":{"1":{"name":"constructor","line":9,"loc":{"start":{"line":9,"column":4},"end":{"line":9,"column":61}}},"2":{"name":"setEndDate","line":42,"loc":{"start":{"line":42,"column":4},"end":{"line":51,"column":4}}},"3":{"name":"useTicket","line":53,"loc":{"start":{"line":53,"column":4},"end":{"line":64,"column":4}}},"4":{"name":"verify","line":66,"loc":{"start":{"line":66,"column":4},"end":{"line":78,"column":4}}},"5":{"name":"recoverSigner","line":80,"loc":{"start":{"line":80,"column":4},"end":{"line":83,"column":4}}},"6":{"name":"_hash","line":85,"loc":{"start":{"line":85,"column":4},"end":{"line":99,"column":4}}}},"statementMap":{"1":{"start":{"line":47,"column":8},"end":{"line":47,"column":58}},"2":{"start":{"line":48,"column":8},"end":{"line":48,"column":40}},"3":{"start":{"line":50,"column":8},"end":{"line":50,"column":54}},"4":{"start":{"line":59,"column":8},"end":{"line":59,"column":63}},"5":{"start":{"line":61,"column":8},"end":{"line":61,"column":68}},"6":{"start":{"line":62,"column":8},"end":{"line":62,"column":105}},"7":{"start":{"line":73,"column":8},"end":{"line":73,"column":73}},"8":{"start":{"line":74,"column":8},"end":{"line":74,"column":65}},"9":{"start":{"line":75,"column":8},"end":{"line":75,"column":48}},"10":{"start":{"line":76,"column":8},"end":{"line":76,"column":55}},"11":{"start":{"line":77,"column":8},"end":{"line":77,"column":97}},"12":{"start":{"line":81,"column":8},"end":{"line":81,"column":39}},"13":{"start":{"line":82,"column":8},"end":{"line":82,"column":55}},"14":{"start":{"line":86,"column":8},"end":{"line":86,"column":2892}}},"branchMap":{"1":{"line":47,"type":"if","locations":[{"start":{"line":47,"column":8},"end":{"line":47,"column":8}},{"start":{"line":47,"column":8},"end":{"line":47,"column":8}}]},"2":{"line":73,"type":"if","locations":[{"start":{"line":73,"column":8},"end":{"line":73,"column":8}},{"start":{"line":73,"column":8},"end":{"line":73,"column":8}}]},"3":{"line":74,"type":"if","locations":[{"start":{"line":74,"column":8},"end":{"line":74,"column":8}},{"start":{"line":74,"column":8},"end":{"line":74,"column":8}}]},"4":{"line":75,"type":"if","locations":[{"start":{"line":75,"column":8},"end":{"line":75,"column":8}},{"start":{"line":75,"column":8},"end":{"line":75,"column":8}}]},"5":{"line":76,"type":"if","locations":[{"start":{"line":76,"column":8},"end":{"line":76,"column":8}},{"start":{"line":76,"column":8},"end":{"line":76,"column":8}}]},"6":{"line":77,"type":"if","locations":[{"start":{"line":77,"column":8},"end":{"line":77,"column":8}},{"start":{"line":77,"column":8},"end":{"line":77,"column":8}}]}}}}
