TN:
SF:/Users/jaeminkim/Projects/Omnuum/omnuum-contracts/contracts/library/RevertMessage.sol
FN:6,parse
FNF:1
FNH:1
FNDA:2,parse
DA:8,2
DA:10,0
DA:14,0
LF:3
LH:1
BRDA:8,1,0,2
BRDA:8,1,1,0
BRF:2
BRH:1
end_of_record
TN:
SF:/Users/jaeminkim/Projects/Omnuum/omnuum-contracts/contracts/mock/MockLink.sol
FN:7,changeBalance
FN:11,balanceOf
FN:15,transfer
FN:19,transferAndCall
FNF:4
FNH:4
FNDA:2,changeBalance
FNDA:8,balanceOf
FNDA:3,transfer
FNDA:3,transferAndCall
DA:8,2
DA:12,8
DA:16,3
DA:24,3
LF:4
LH:4
BRF:0
BRH:0
end_of_record
TN:
SF:/Users/jaeminkim/Projects/Omnuum/omnuum-contracts/contracts/mock/MockNFT.sol
FN:14,constructor
FN:19,useTicket
FN:28,publicMint
FN:38,publicContractMint
FN:47,ticketContractMint
FNF:5
FNH:4
FNDA:360,constructor
FNDA:0,useTicket
FNDA:8,publicMint
FNDA:1,publicContractMint
FNDA:1,ticketContractMint
DA:15,360
DA:16,360
DA:25,0
DA:35,8
DA:44,1
DA:53,1
LF:6
LH:5
BRF:0
BRH:0
end_of_record
TN:
SF:/Users/jaeminkim/Projects/Omnuum/omnuum-contracts/contracts/mock/MockVrfCoords.sol
FN:7,constructor
FN:9,sendRandom
FNF:2
FNH:2
FNDA:345,constructor
FNDA:3,sendRandom
DA:14,3
LF:1
LH:1
BRF:0
BRH:0
end_of_record
TN:
SF:/Users/jaeminkim/Projects/Omnuum/omnuum-contracts/contracts/OmnuumCAManager.sol
FN:18,initialize
FN:22,registerContractMultiple
FN:29,registerContract
FN:35,removeContract
FN:46,isRegistered
FN:50,getContract
FNF:6
FNH:6
FNDA:345,initialize
FNDA:115,registerContractMultiple
FNDA:926,registerContract
FNDA:2,removeContract
FNDA:20,isRegistered
FNDA:444,getContract
DA:19,345
DA:23,115
DA:24,115
DA:25,920
DA:30,926
DA:31,926
DA:32,926
DA:36,2
DA:38,2
DA:39,2
DA:41,2
DA:42,1
DA:47,20
DA:51,444
LF:14
LH:14
BRDA:23,1,0,115
BRDA:23,1,1,0
BRDA:41,2,0,1
BRDA:41,2,1,1
BRF:4
BRH:3
end_of_record
TN:
SF:/Users/jaeminkim/Projects/Omnuum/omnuum-contracts/contracts/OmnuumExchange.sol
FN:16,initialize
FN:25,getExchangeAmount
FN:33,updateTmpExchangeRate
FN:39,exchangeToken
FN:51,withdraw
FNF:5
FNH:5
FNDA:345,initialize
FNDA:10,getExchangeAmount
FNDA:2,updateTmpExchangeRate
FNDA:4,exchangeToken
FNDA:2,withdraw
DA:17,345
DA:19,345
DA:21,345
DA:30,10
DA:34,2
DA:35,1
DA:44,4
DA:46,3
DA:48,3
DA:52,2
DA:53,1
LF:11
LH:11
BRDA:34,1,0,1
BRDA:34,1,1,1
BRDA:44,2,0,3
BRDA:44,2,1,1
BRDA:52,3,0,1
BRDA:52,3,1,1
BRF:6
BRH:6
end_of_record
TN:
SF:/Users/jaeminkim/Projects/Omnuum/omnuum-contracts/contracts/OmnuumMintManager.sol
FN:31,initialize
FN:36,changeBaseFeeRate
FN:42,setDiscountRate
FN:48,setPublicMintSchedule
FN:68,publicMint
FN:88,mintMultiple
FNF:6
FNH:6
FNDA:345,initialize
FNDA:2,changeBaseFeeRate
FNDA:3,setDiscountRate
FNDA:16,setPublicMintSchedule
FNDA:15,publicMint
FNDA:4,mintMultiple
DA:32,345
DA:33,345
DA:37,2
DA:38,1
DA:39,1
DA:43,3
DA:44,2
DA:45,2
DA:56,16
DA:58,15
DA:60,15
DA:61,15
DA:62,15
DA:63,15
DA:65,15
DA:74,15
DA:76,15
DA:77,13
DA:78,11
DA:79,9
DA:81,6
DA:82,6
DA:84,6
DA:93,4
DA:95,4
DA:97,4
DA:98,3
DA:100,2
DA:101,6
DA:103,1
LF:30
LH:30
BRDA:37,1,0,1
BRDA:37,1,1,1
BRDA:43,2,0,2
BRDA:43,2,1,1
BRDA:56,3,0,15
BRDA:56,3,1,1
BRDA:76,4,0,13
BRDA:76,4,1,2
BRDA:77,5,0,11
BRDA:77,5,1,2
BRDA:78,6,0,9
BRDA:78,6,1,2
BRDA:79,7,0,6
BRDA:79,7,1,3
BRDA:97,8,0,3
BRDA:97,8,1,1
BRDA:98,9,0,2
BRDA:98,9,1,1
BRF:18
BRH:18
end_of_record
TN:
SF:/Users/jaeminkim/Projects/Omnuum/omnuum-contracts/contracts/OmnuumNFT1155.sol
FN:38,initialize
FN:53,sendFee
FN:69,publicMint
FN:83,ticketMint
FN:94,mintDirect
FN:99,mintLoop
FN:110,setUri
FN:117,uri
FN:121,withdraw
FNF:9
FNH:9
FNDA:357,initialize
FNDA:12,sendFee
FNDA:10,publicMint
FNDA:23,ticketMint
FNDA:11,mintDirect
FNDA:24,mintLoop
FNDA:3,setUri
FNDA:2,uri
FNDA:1,withdraw
DA:39,357
DA:40,357
DA:41,357
DA:43,357
DA:45,357
DA:46,357
DA:47,357
DA:48,357
DA:50,357
DA:54,12
DA:55,12
DA:56,12
DA:57,12
DA:58,12
DA:59,12
DA:60,12
DA:62,12
DA:70,10
DA:71,9
DA:73,7
DA:75,3
DA:76,3
DA:84,23
DA:85,22
DA:87,21
DA:88,19
DA:90,11
DA:91,9
DA:95,11
DA:96,10
DA:100,24
DA:101,19
DA:102,19
DA:103,79
DA:104,79
DA:106,79
DA:111,3
DA:112,3
DA:113,3
DA:114,3
DA:118,2
DA:122,1
LF:42
LH:42
BRDA:58,1,0,12
BRDA:58,1,1,0
BRDA:70,2,0,9
BRDA:70,2,1,1
BRDA:84,3,0,22
BRDA:84,3,1,1
BRDA:85,4,0,21
BRDA:85,4,1,1
BRDA:95,5,0,10
BRDA:95,5,1,1
BRDA:100,6,0,19
BRDA:100,6,1,5
BRDA:111,7,0,3
BRDA:111,7,1,0
BRF:14
BRH:12
end_of_record
TN:
SF:/Users/jaeminkim/Projects/Omnuum/omnuum-contracts/contracts/OmnuumVRFManager.sol
FN:27,constructor
FN:43,requestVRF
FN:54,requestVRFOnce
FN:75,fulfillRandomness
FN:89,updateFee
FN:94,updateSafetyRatio
FNF:6
FNH:6
FNDA:345,constructor
FNDA:3,requestVRF
FNDA:6,requestVRFOnce
FNDA:3,fulfillRandomness
FNDA:1,updateFee
FNDA:1,updateSafetyRatio
DA:28,345
DA:29,345
DA:30,345
DA:31,345
DA:44,3
DA:45,3
DA:46,2
DA:48,1
DA:49,1
DA:51,1
DA:55,6
DA:57,5
DA:59,5
DA:61,4
DA:62,4
DA:64,3
DA:67,2
DA:69,2
DA:70,2
DA:72,2
DA:76,3
DA:78,3
DA:79,3
DA:81,3
DA:83,3
DA:84,3
DA:86,3
DA:90,1
DA:91,1
DA:95,1
DA:96,1
LF:31
LH:31
BRDA:45,1,0,2
BRDA:45,1,1,1
BRDA:46,2,0,1
BRDA:46,2,1,1
BRDA:55,3,0,5
BRDA:55,3,1,1
BRDA:59,4,0,4
BRDA:59,4,1,1
BRDA:62,5,0,3
BRDA:62,5,1,1
BRDA:64,6,0,2
BRDA:64,6,1,1
BRF:12
BRH:12
end_of_record
TN:
SF:/Users/jaeminkim/Projects/Omnuum/omnuum-contracts/contracts/OmnuumWallet.sol
FN:29,onlyOwners
FN:33,reqExists
FN:37,notApproved
FN:41,isApproved
FN:45,notWithdrawn
FN:49,isAllAgreed
FN:55,constructor
FN:72,
FN:83,approvalRequest
FN:96,approve
FN:101,checkApproval
FN:105,getApprovalCount
FN:115,revokeApproval
FN:120,withdrawal
FNF:14
FNH:14
FNDA:58,onlyOwners
FNDA:40,reqExists
FNDA:30,notApproved
FNDA:3,isApproved
FNDA:36,notWithdrawn
FNDA:4,isAllAgreed
FNDA:345,constructor
FNDA:93,
FNDA:14,approvalRequest
FNDA:29,approve
FNDA:19,checkApproval
FNDA:6,getApprovalCount
FNDA:2,revokeApproval
FNDA:3,withdrawal
DA:30,58
DA:31,54
DA:34,40
DA:35,38
DA:38,30
DA:39,29
DA:42,3
DA:43,2
DA:46,36
DA:47,35
DA:50,4
DA:51,3
DA:57,345
DA:60,345
DA:61,1035
DA:62,1035
DA:63,1035
DA:64,1035
DA:66,1035
DA:67,1035
DA:74,93
DA:75,93
DA:76,93
DA:79,93
DA:84,14
DA:86,13
DA:88,13
DA:90,13
DA:92,13
DA:93,13
DA:97,29
DA:98,29
DA:102,19
DA:106,6
DA:107,6
DA:108,18
DA:109,16
DA:112,6
DA:116,2
DA:117,2
DA:121,3
DA:122,3
DA:124,2
DA:125,2
DA:126,2
LF:45
LH:45
BRDA:30,1,0,54
BRDA:30,1,1,4
BRDA:34,2,0,38
BRDA:34,2,1,2
BRDA:38,3,0,29
BRDA:38,3,1,1
BRDA:42,4,0,2
BRDA:42,4,1,1
BRDA:46,5,0,35
BRDA:46,5,1,1
BRDA:50,6,0,3
BRDA:50,6,1,1
BRDA:57,7,0,345
BRDA:57,7,1,0
BRDA:62,8,0,1035
BRDA:62,8,1,0
BRDA:63,9,0,1035
BRDA:63,9,1,0
BRDA:64,10,0,1035
BRDA:64,10,1,0
BRDA:84,11,0,13
BRDA:84,11,1,1
BRDA:108,12,0,16
BRDA:108,12,1,2
BRDA:122,13,0,2
BRDA:122,13,1,1
BRF:26
BRH:22
end_of_record
TN:
SF:/Users/jaeminkim/Projects/Omnuum/omnuum-contracts/contracts/RevealManager.sol
FN:10,constructor
FN:14,vrfRequest
FNF:2
FNH:2
FNDA:345,constructor
FNDA:4,vrfRequest
DA:11,345
DA:15,4
DA:16,4
DA:18,3
LF:4
LH:4
BRDA:15,1,0,4
BRDA:15,1,1,0
BRDA:16,2,0,3
BRDA:16,2,1,1
BRF:4
BRH:3
end_of_record
TN:
SF:/Users/jaeminkim/Projects/Omnuum/omnuum-contracts/contracts/SenderVerifier.sol
FN:8,constructor
FN:20,verify
FN:34,recoverSigner
FN:39,_hash
FNF:4
FNH:4
FNDA:345,constructor
FNDA:35,verify
FNDA:35,recoverSigner
FNDA:35,_hash
DA:27,35
DA:28,35
DA:29,32
DA:30,31
DA:31,30
DA:35,35
DA:36,35
DA:40,35
LF:8
LH:8
BRDA:28,1,0,32
BRDA:28,1,1,3
BRDA:29,2,0,31
BRDA:29,2,1,1
BRDA:30,3,0,30
BRDA:30,3,1,1
BRDA:31,4,0,27
BRDA:31,4,1,3
BRF:8
BRH:8
end_of_record
TN:
SF:/Users/jaeminkim/Projects/Omnuum/omnuum-contracts/contracts/TicketManager.sol
FN:9,constructor
FN:32,setEndDate
FN:43,useTicket
FN:55,verify
FN:69,recoverSigner
FN:74,_hash
FNF:6
FNH:6
FNDA:345,constructor
FNDA:19,setEndDate
FNDA:19,useTicket
FNDA:24,verify
FNDA:22,recoverSigner
FNDA:22,_hash
DA:37,19
DA:38,18
DA:40,18
DA:49,19
DA:51,11
DA:52,11
DA:62,24
DA:63,22
DA:64,20
DA:65,18
DA:66,16
DA:70,22
DA:71,22
DA:75,22
LF:14
LH:14
BRDA:37,1,0,18
BRDA:37,1,1,1
BRDA:62,2,0,22
BRDA:62,2,1,2
BRDA:63,3,0,20
BRDA:63,3,1,2
BRDA:64,4,0,18
BRDA:64,4,1,2
BRDA:65,5,0,16
BRDA:65,5,1,2
BRDA:66,6,0,12
BRDA:66,6,1,4
BRF:12
BRH:12
end_of_record
