TN:
SF:/Users/jaeminkim/Projects/Omnuum/omnuum-contracts/contracts/library/RevertMessage.sol
FN:6,parse
FNF:1
FNH:1
FNDA:2,parse
DA:8,2
DA:10,0
DA:14,0
LF:3
LH:1
BRDA:8,1,0,2
BRDA:8,1,1,0
BRF:2
BRH:1
end_of_record
TN:
SF:/Users/jaeminkim/Projects/Omnuum/omnuum-contracts/contracts/mock/MockLink.sol
FN:7,changeBalance
FN:11,balanceOf
FN:15,transfer
FN:19,transferAndCall
FNF:4
FNH:4
FNDA:2,changeBalance
FNDA:8,balanceOf
FNDA:3,transfer
FNDA:3,transferAndCall
DA:8,2
DA:12,8
DA:16,3
DA:24,3
LF:4
LH:4
BRF:0
BRH:0
end_of_record
TN:
SF:/Users/jaeminkim/Projects/Omnuum/omnuum-contracts/contracts/mock/MockNFT.sol
FN:14,constructor
FN:19,useTicket
FN:28,publicMint
FN:38,publicContractMint
FN:47,ticketContractMint
FNF:5
FNH:4
FNDA:366,constructor
FNDA:0,useTicket
FNDA:8,publicMint
FNDA:1,publicContractMint
FNDA:1,ticketContractMint
DA:15,366
DA:16,366
DA:25,0
DA:35,8
DA:44,1
DA:53,1
LF:6
LH:5
BRF:0
BRH:0
end_of_record
TN:
SF:/Users/jaeminkim/Projects/Omnuum/omnuum-contracts/contracts/mock/MockVrfCoords.sol
FN:7,constructor
FN:9,sendRandom
FNF:2
FNH:2
FNDA:351,constructor
FNDA:3,sendRandom
DA:14,3
LF:1
LH:1
BRF:0
BRH:0
end_of_record
TN:
SF:/Users/jaeminkim/Projects/Omnuum/omnuum-contracts/contracts/utils/Ownable.sol
FN:14,constructor
FN:21,owner
FN:28,onlyOwner
FN:37,transferOwnership
FN:46,_transferOwnership
FNF:5
FNH:4
FNDA:717,constructor
FNDA:14,owner
FNDA:4,onlyOwner
FNDA:0,transferOwnership
FNDA:717,_transferOwnership
DA:15,717
DA:22,14
DA:29,4
DA:30,2
DA:38,0
DA:39,0
DA:47,717
DA:48,717
DA:49,717
LF:9
LH:7
BRDA:29,1,0,2
BRDA:29,1,1,2
BRDA:38,2,0,0
BRDA:38,2,1,0
BRF:4
BRH:2
end_of_record
TN:
SF:/Users/jaeminkim/Projects/Omnuum/omnuum-contracts/contracts/utils/OwnableUpgradeable.sol
FN:14,__Ownable_init
FN:19,__Ownable_init_unchained
FN:26,owner
FN:33,onlyOwner
FN:42,transferOwnership
FN:51,_transferOwnership
FNF:6
FNH:6
FNDA:1062,__Ownable_init
FNDA:1062,__Ownable_init_unchained
FNDA:1487,owner
FNDA:1438,onlyOwner
FNDA:360,transferOwnership
FNDA:1422,_transferOwnership
DA:15,1062
DA:16,1062
DA:20,1062
DA:27,1487
DA:34,1438
DA:35,1432
DA:43,360
DA:44,360
DA:52,1422
DA:53,1422
DA:54,1422
LF:11
LH:11
BRDA:34,1,0,1432
BRDA:34,1,1,6
BRDA:43,2,0,360
BRDA:43,2,1,0
BRF:4
BRH:3
end_of_record
TN:
SF:/Users/jaeminkim/Projects/Omnuum/omnuum-contracts/contracts/V1/OmnuumCAManager.sol
FN:20,initialize
FN:24,registerContractMultiple
FN:31,registerNftContract
FN:36,registerContract
FN:42,removeContract
FN:53,isRegistered
FN:57,getContract
FNF:7
FNH:7
FNDA:351,initialize
FNDA:117,registerContractMultiple
FNDA:1,registerNftContract
FNDA:942,registerContract
FNDA:2,removeContract
FNDA:20,isRegistered
FNDA:441,getContract
DA:21,351
DA:25,117
DA:26,117
DA:27,936
DA:32,1
DA:33,1
DA:37,942
DA:38,942
DA:39,942
DA:43,2
DA:44,2
DA:46,2
DA:47,1
DA:50,2
DA:54,20
DA:58,441
LF:16
LH:16
BRDA:25,1,0,117
BRDA:25,1,1,0
BRDA:46,2,0,1
BRDA:46,2,1,1
BRF:4
BRH:3
end_of_record
TN:
SF:/Users/jaeminkim/Projects/Omnuum/omnuum-contracts/contracts/V1/OmnuumExchange.sol
FN:16,initialize
FN:24,getExchangeAmount
FN:32,updateTmpExchangeRate
FN:38,exchangeToken
FN:50,withdraw
FNF:5
FNH:5
FNDA:351,initialize
FNDA:10,getExchangeAmount
FNDA:2,updateTmpExchangeRate
FNDA:4,exchangeToken
FNDA:2,withdraw
DA:17,351
DA:20,351
DA:29,10
DA:33,2
DA:34,1
DA:43,4
DA:45,3
DA:47,3
DA:51,2
DA:52,1
LF:10
LH:10
BRDA:33,1,0,1
BRDA:33,1,1,1
BRDA:43,2,0,3
BRDA:43,2,1,1
BRDA:51,3,0,1
BRDA:51,3,1,1
BRF:6
BRH:6
end_of_record
TN:
SF:/Users/jaeminkim/Projects/Omnuum/omnuum-contracts/contracts/V1/OmnuumMintManager.sol
FN:49,initialize
FN:55,changeBaseFeeRate
FN:61,setDiscountRate
FN:67,setMinFee
FN:72,setPublicMintSchedule
FN:92,publicMint
FN:113,mintMultiple
FNF:7
FNH:7
FNDA:351,initialize
FNDA:2,changeBaseFeeRate
FNDA:3,setDiscountRate
FNDA:1,setMinFee
FNDA:16,setPublicMintSchedule
FNDA:15,publicMint
FNDA:5,mintMultiple
DA:50,351
DA:51,351
DA:52,351
DA:56,2
DA:57,1
DA:58,1
DA:62,3
DA:63,2
DA:64,2
DA:68,1
DA:69,1
DA:80,16
DA:82,15
DA:84,15
DA:85,15
DA:86,15
DA:87,15
DA:89,15
DA:98,15
DA:100,15
DA:101,13
DA:102,11
DA:103,9
DA:105,6
DA:106,6
DA:108,6
DA:118,5
DA:120,5
DA:122,5
DA:123,4
DA:125,3
DA:126,3
DA:127,9
DA:130,3
DA:132,2
DA:133,6
DA:134,6
DA:135,6
DA:136,5
LF:39
LH:39
BRDA:56,1,0,1
BRDA:56,1,1,1
BRDA:62,2,0,2
BRDA:62,2,1,1
BRDA:80,3,0,15
BRDA:80,3,1,1
BRDA:100,4,0,13
BRDA:100,4,1,2
BRDA:101,5,0,11
BRDA:101,5,1,2
BRDA:102,6,0,9
BRDA:102,6,1,2
BRDA:103,7,0,6
BRDA:103,7,1,3
BRDA:122,8,0,4
BRDA:122,8,1,1
BRDA:123,9,0,3
BRDA:123,9,1,1
BRDA:130,10,0,2
BRDA:130,10,1,1
BRF:20
BRH:20
end_of_record
TN:
SF:/Users/jaeminkim/Projects/Omnuum/omnuum-contracts/contracts/V1/OmnuumNFT1155.sol
FN:39,initialize
FN:55,sendFee
FN:78,publicMint
FN:92,ticketMint
FN:103,mintDirect
FN:114,mintLoop
FN:125,setUri
FN:132,uri
FN:136,withdraw
FNF:9
FNH:9
FNDA:360,initialize
FNDA:17,sendFee
FNDA:10,publicMint
FNDA:23,ticketMint
FNDA:7,mintDirect
FNDA:20,mintLoop
FNDA:3,setUri
FNDA:2,uri
FNDA:1,withdraw
DA:40,360
DA:41,360
DA:42,360
DA:44,360
DA:46,360
DA:47,360
DA:48,360
DA:50,360
DA:52,360
DA:56,17
DA:57,17
DA:58,17
DA:59,17
DA:60,17
DA:61,17
DA:62,17
DA:64,17
DA:66,17
DA:71,17
DA:79,10
DA:80,9
DA:82,7
DA:84,3
DA:85,3
DA:93,23
DA:94,22
DA:96,21
DA:97,19
DA:99,11
DA:100,9
DA:104,7
DA:106,6
DA:107,6
DA:109,6
DA:111,5
DA:115,20
DA:116,17
DA:117,17
DA:118,69
DA:119,69
DA:121,69
DA:126,3
DA:127,3
DA:128,3
DA:129,3
DA:133,2
DA:137,1
LF:47
LH:47
BRDA:79,1,0,9
BRDA:79,1,1,1
BRDA:93,2,0,22
BRDA:93,2,1,1
BRDA:94,3,0,21
BRDA:94,3,1,1
BRDA:104,4,0,6
BRDA:104,4,1,1
BRDA:107,5,0,6
BRDA:107,5,1,0
BRDA:115,6,0,17
BRDA:115,6,1,3
BRDA:126,7,0,3
BRDA:126,7,1,0
BRF:14
BRH:12
end_of_record
TN:
SF:/Users/jaeminkim/Projects/Omnuum/omnuum-contracts/contracts/V1/OmnuumVRFManager.sol
FN:26,constructor
FN:43,requestVRF
FN:55,requestVRFOnce
FN:77,fulfillRandomness
FN:91,updateFee
FN:96,updateSafetyRatio
FNF:6
FNH:6
FNDA:351,constructor
FNDA:3,requestVRF
FNDA:6,requestVRFOnce
FNDA:3,fulfillRandomness
FNDA:1,updateFee
FNDA:1,updateSafetyRatio
DA:27,351
DA:28,351
DA:29,351
DA:30,351
DA:44,3
DA:45,3
DA:46,2
DA:48,1
DA:49,1
DA:50,1
DA:52,1
DA:56,6
DA:58,5
DA:60,5
DA:62,4
DA:63,4
DA:65,3
DA:68,2
DA:70,2
DA:71,2
DA:72,2
DA:74,2
DA:78,3
DA:80,3
DA:81,3
DA:83,3
DA:85,3
DA:86,3
DA:88,3
DA:92,1
DA:93,1
DA:97,1
DA:98,1
DA:99,1
LF:34
LH:34
BRDA:45,1,0,2
BRDA:45,1,1,1
BRDA:46,2,0,1
BRDA:46,2,1,1
BRDA:56,3,0,5
BRDA:56,3,1,1
BRDA:60,4,0,4
BRDA:60,4,1,1
BRDA:63,5,0,3
BRDA:63,5,1,1
BRDA:65,6,0,2
BRDA:65,6,1,1
BRDA:97,7,0,1
BRDA:97,7,1,0
BRF:14
BRH:13
end_of_record
TN:
SF:/Users/jaeminkim/Projects/Omnuum/omnuum-contracts/contracts/V1/OmnuumWallet.sol
FN:30,onlyOwners
FN:34,reqExists
FN:38,notApproved
FN:42,isApproved
FN:46,notWithdrawn
FN:50,isAllAgreed
FN:56,constructor
FN:74,makePayment
FN:84,approvalRequest
FN:97,approve
FN:102,checkApproval
FN:106,getApprovalCount
FN:116,revokeApproval
FN:121,withdrawal
FNF:14
FNH:14
FNDA:58,onlyOwners
FNDA:40,reqExists
FNDA:30,notApproved
FNDA:3,isApproved
FNDA:36,notWithdrawn
FNDA:4,isAllAgreed
FNDA:351,constructor
FNDA:19,makePayment
FNDA:14,approvalRequest
FNDA:29,approve
FNDA:19,checkApproval
FNDA:6,getApprovalCount
FNDA:2,revokeApproval
FNDA:3,withdrawal
DA:31,58
DA:32,54
DA:35,40
DA:36,38
DA:39,30
DA:40,29
DA:43,3
DA:44,2
DA:47,36
DA:48,35
DA:51,4
DA:52,3
DA:58,351
DA:61,351
DA:62,1053
DA:63,1053
DA:64,1053
DA:65,1053
DA:67,1053
DA:68,1053
DA:75,19
DA:76,18
DA:80,75
DA:85,14
DA:87,13
DA:89,13
DA:91,13
DA:93,13
DA:94,13
DA:98,29
DA:99,29
DA:103,19
DA:107,6
DA:108,6
DA:109,18
DA:110,16
DA:113,6
DA:117,2
DA:118,2
DA:122,3
DA:123,3
DA:125,2
DA:126,2
DA:127,2
LF:44
LH:44
BRDA:31,1,0,54
BRDA:31,1,1,4
BRDA:35,2,0,38
BRDA:35,2,1,2
BRDA:39,3,0,29
BRDA:39,3,1,1
BRDA:43,4,0,2
BRDA:43,4,1,1
BRDA:47,5,0,35
BRDA:47,5,1,1
BRDA:51,6,0,3
BRDA:51,6,1,1
BRDA:58,7,0,351
BRDA:58,7,1,0
BRDA:63,8,0,1053
BRDA:63,8,1,0
BRDA:64,9,0,1053
BRDA:64,9,1,0
BRDA:65,10,0,1053
BRDA:65,10,1,0
BRDA:75,11,0,18
BRDA:75,11,1,1
BRDA:85,12,0,13
BRDA:85,12,1,1
BRDA:109,13,0,16
BRDA:109,13,1,2
BRDA:123,14,0,2
BRDA:123,14,1,1
BRF:28
BRH:24
end_of_record
TN:
SF:/Users/jaeminkim/Projects/Omnuum/omnuum-contracts/contracts/V1/RevealManager.sol
FN:11,constructor
FN:15,vrfRequest
FNF:2
FNH:2
FNDA:351,constructor
FNDA:4,vrfRequest
DA:12,351
DA:16,4
DA:17,4
DA:19,3
LF:4
LH:4
BRDA:16,1,0,4
BRDA:16,1,1,0
BRDA:17,2,0,3
BRDA:17,2,1,1
BRF:4
BRH:3
end_of_record
TN:
SF:/Users/jaeminkim/Projects/Omnuum/omnuum-contracts/contracts/V1/SenderVerifier.sol
FN:8,constructor
FN:20,verify
FN:34,recoverSigner
FN:39,_hash
FNF:4
FNH:4
FNDA:351,constructor
FNDA:35,verify
FNDA:35,recoverSigner
FNDA:35,_hash
DA:27,35
DA:28,35
DA:29,32
DA:30,31
DA:31,30
DA:35,35
DA:36,35
DA:40,35
LF:8
LH:8
BRDA:28,1,0,32
BRDA:28,1,1,3
BRDA:29,2,0,31
BRDA:29,2,1,1
BRDA:30,3,0,30
BRDA:30,3,1,1
BRDA:31,4,0,27
BRDA:31,4,1,3
BRF:8
BRH:8
end_of_record
TN:
SF:/Users/jaeminkim/Projects/Omnuum/omnuum-contracts/contracts/V1/TicketManager.sol
FN:9,constructor
FN:42,setEndDate
FN:53,useTicket
FN:66,verify
FN:80,recoverSigner
FN:85,_hash
FNF:6
FNH:6
FNDA:351,constructor
FNDA:19,setEndDate
FNDA:19,useTicket
FNDA:24,verify
FNDA:22,recoverSigner
FNDA:22,_hash
DA:47,19
DA:48,18
DA:50,18
DA:59,19
DA:61,11
DA:62,11
DA:73,24
DA:74,22
DA:75,20
DA:76,18
DA:77,16
DA:81,22
DA:82,22
DA:86,22
LF:14
LH:14
BRDA:47,1,0,18
BRDA:47,1,1,1
BRDA:73,2,0,22
BRDA:73,2,1,2
BRDA:74,3,0,20
BRDA:74,3,1,2
BRDA:75,4,0,18
BRDA:75,4,1,2
BRDA:76,5,0,16
BRDA:76,5,1,2
BRDA:77,6,0,12
BRDA:77,6,1,4
BRF:12
BRH:12
end_of_record
